2021-07-29 22:28:54,284 - mmseg - INFO - Environment info:
------------------------------------------------------------
sys.platform: linux
Python: 3.8.5 (default, Sep  4 2020, 07:30:14) [GCC 7.3.0]
CUDA available: True
GPU 0,1: GeForce RTX 3090
CUDA_HOME: /usr/local/cuda
NVCC: Build cuda_11.1.TC455_06.29190527_0
GCC: gcc (Ubuntu 7.5.0-3ubuntu1~18.04) 7.5.0
PyTorch: 1.7.0a0+1d9b64d
PyTorch compiling details: PyTorch built with:
  - GCC 7.5
  - C++ Version: 201402
  - Intel(R) Math Kernel Library Version 2020.0.2 Product Build 20200624 for Intel(R) 64 architecture applications
  - Intel(R) MKL-DNN v1.6.0 (Git Hash 5ef631a030a6f73131c77892041042805a06064f)
  - OpenMP 201511 (a.k.a. OpenMP 4.5)
  - NNPACK is enabled
  - CPU capability usage: AVX2
  - CUDA Runtime 11.1
  - NVCC architecture flags: -gencode;arch=compute_86,code=sm_86
  - CuDNN 8.0.5
  - Magma 2.5.2
  - Build settings: BLAS=MKL, BUILD_TYPE=Release, CXX_FLAGS= -Wno-deprecated -fvisibility-inlines-hidden -DUSE_PTHREADPOOL -fopenmp -DNDEBUG -DUSE_FBGEMM -DUSE_QNNPACK -DUSE_PYTORCH_QNNPACK -DUSE_XNNPACK -DUSE_VULKAN_WRAPPER -O2 -fPIC -Wno-narrowing -Wall -Wextra -Werror=return-type -Wno-missing-field-initializers -Wno-type-limits -Wno-array-bounds -Wno-unknown-pragmas -Wno-sign-compare -Wno-unused-parameter -Wno-unused-variable -Wno-unused-function -Wno-unused-result -Wno-unused-local-typedefs -Wno-strict-overflow -Wno-strict-aliasing -Wno-error=deprecated-declarations -Wno-stringop-overflow -Wno-psabi -Wno-error=pedantic -Wno-error=redundant-decls -Wno-error=old-style-cast -fdiagnostics-color=always -faligned-new -Wno-unused-but-set-variable -Wno-maybe-uninitialized -fno-math-errno -fno-trapping-math -Werror=format -Wno-stringop-overflow, PERF_WITH_AVX=1, PERF_WITH_AVX2=1, PERF_WITH_AVX512=1, USE_CUDA=ON, USE_EXCEPTION_PTR=1, USE_GFLAGS=OFF, USE_GLOG=OFF, USE_MKL=ON, USE_MKLDNN=ON, USE_MPI=OFF, USE_NCCL=ON, USE_NNPACK=ON, USE_OPENMP=ON, 

TorchVision: 0.8.0a0+2f40a48
OpenCV: 4.4.0
MMCV: 1.2.1
MMCV Compiler: GCC 7.5
MMCV CUDA Compiler: 11.1
MMSegmentation: 0.12.0+783eea1
------------------------------------------------------------

2021-07-29 22:28:54,284 - mmseg - INFO - Distributed training: True
/home/juan/Donglusen/Workspace/mmsegmentation/mmseg/models/builder.py:59: UserWarning: train_cfg and test_cfg is deprecated, please specify them in model
  warnings.warn(
2021-07-29 22:28:54,559 - mmseg - INFO - Config:
norm_cfg = dict(type='SyncBN', requires_grad=True)
model = dict(
    type='EncoderDecoder',
    backbone=dict(
        type='VIT_ConvFuse',
        model_name='deit_base_distilled_path16_384',
        img_size=768,
        patch_size=16,
        in_chans=3,
        embed_dim=768,
        depth=12,
        num_heads=12,
        num_classes=19,
        drop_rate=0.0,
        norm_cfg=dict(type='SyncBN', requires_grad=True),
        pos_embed_interp=True,
        align_corners=False,
        conv_type='single'),
    decode_head=dict(
        type='VisionTransformerUpHeadConvFuseLA',
        in_channels=1024,
        channels=512,
        in_index=11,
        img_size=768,
        embed_dim=768,
        num_classes=19,
        norm_cfg=dict(type='SyncBN', requires_grad=True),
        num_conv=4,
        upsampling_method='bilinear',
        align_corners=False,
        loss_decode=dict(
            type='CrossEntropyLoss', use_sigmoid=False, loss_weight=1.0),
        num_upsampe_layer=4),
    auxiliary_head=[
        dict(
            type='VisionTransformerUpHead',
            in_channels=1024,
            channels=512,
            in_index=4,
            img_size=768,
            embed_dim=768,
            num_classes=19,
            norm_cfg=dict(type='SyncBN', requires_grad=True),
            num_conv=2,
            upsampling_method='bilinear',
            num_upsampe_layer=2,
            align_corners=False,
            loss_decode=dict(
                type='CrossEntropyLoss', use_sigmoid=False, loss_weight=0.4)),
        dict(
            type='VisionTransformerUpHead',
            in_channels=1024,
            channels=512,
            in_index=7,
            img_size=768,
            embed_dim=768,
            num_classes=19,
            norm_cfg=dict(type='SyncBN', requires_grad=True),
            num_conv=2,
            upsampling_method='bilinear',
            num_upsampe_layer=2,
            align_corners=False,
            loss_decode=dict(
                type='CrossEntropyLoss', use_sigmoid=False, loss_weight=0.4)),
        dict(
            type='VisionTransformerUpHead',
            in_channels=1024,
            channels=512,
            in_index=9,
            img_size=768,
            embed_dim=768,
            num_classes=19,
            norm_cfg=dict(type='SyncBN', requires_grad=True),
            num_conv=2,
            upsampling_method='bilinear',
            num_upsampe_layer=2,
            align_corners=False,
            loss_decode=dict(
                type='CrossEntropyLoss', use_sigmoid=False, loss_weight=0.4)),
        dict(
            type='VisionTransformerUpHead',
            in_channels=1024,
            channels=512,
            in_index=11,
            img_size=768,
            embed_dim=768,
            num_classes=19,
            norm_cfg=dict(type='SyncBN', requires_grad=True),
            num_conv=2,
            upsampling_method='bilinear',
            num_upsampe_layer=2,
            align_corners=False,
            loss_decode=dict(
                type='CrossEntropyLoss', use_sigmoid=False, loss_weight=0.4))
    ])
train_cfg = dict()
test_cfg = dict(mode='slide', crop_size=(768, 768), stride=(512, 512))
dataset_type = 'CityscapesDataset'
data_root = 'data/cityscapes/'
img_norm_cfg = dict(
    mean=[123.675, 116.28, 103.53], std=[58.395, 57.12, 57.375], to_rgb=True)
crop_size = (768, 768)
train_pipeline = [
    dict(type='LoadImageFromFile'),
    dict(type='LoadAnnotations'),
    dict(type='Resize', img_scale=(2049, 1025), ratio_range=(0.5, 2.0)),
    dict(type='RandomCrop', crop_size=(768, 768), cat_max_ratio=0.75),
    dict(type='RandomFlip', flip_ratio=0.5),
    dict(type='PhotoMetricDistortion'),
    dict(
        type='Normalize',
        mean=[123.675, 116.28, 103.53],
        std=[58.395, 57.12, 57.375],
        to_rgb=True),
    dict(type='Pad', size=(768, 768), pad_val=0, seg_pad_val=255),
    dict(type='DefaultFormatBundle'),
    dict(type='Collect', keys=['img', 'gt_semantic_seg'])
]
test_pipeline = [
    dict(type='LoadImageFromFile'),
    dict(
        type='MultiScaleFlipAug',
        img_scale=(2049, 1025),
        flip=False,
        transforms=[
            dict(type='Resize', keep_ratio=True),
            dict(type='RandomFlip'),
            dict(
                type='Normalize',
                mean=[123.675, 116.28, 103.53],
                std=[58.395, 57.12, 57.375],
                to_rgb=True),
            dict(type='ImageToTensor', keys=['img']),
            dict(type='Collect', keys=['img'])
        ])
]
data = dict(
    samples_per_gpu=2,
    workers_per_gpu=5,
    train=dict(
        type='CityscapesDataset',
        data_root='data/cityscapes/',
        img_dir='leftImg8bit/train',
        ann_dir='gtFine/train',
        pipeline=[
            dict(type='LoadImageFromFile'),
            dict(type='LoadAnnotations'),
            dict(
                type='Resize', img_scale=(2049, 1025), ratio_range=(0.5, 2.0)),
            dict(type='RandomCrop', crop_size=(768, 768), cat_max_ratio=0.75),
            dict(type='RandomFlip', flip_ratio=0.5),
            dict(type='PhotoMetricDistortion'),
            dict(
                type='Normalize',
                mean=[123.675, 116.28, 103.53],
                std=[58.395, 57.12, 57.375],
                to_rgb=True),
            dict(type='Pad', size=(768, 768), pad_val=0, seg_pad_val=255),
            dict(type='DefaultFormatBundle'),
            dict(type='Collect', keys=['img', 'gt_semantic_seg'])
        ]),
    val=dict(
        type='CityscapesDataset',
        data_root='data/cityscapes/',
        img_dir='leftImg8bit/val',
        ann_dir='gtFine/val',
        pipeline=[
            dict(type='LoadImageFromFile'),
            dict(
                type='MultiScaleFlipAug',
                img_scale=(2049, 1025),
                flip=False,
                transforms=[
                    dict(type='Resize', keep_ratio=True),
                    dict(type='RandomFlip'),
                    dict(
                        type='Normalize',
                        mean=[123.675, 116.28, 103.53],
                        std=[58.395, 57.12, 57.375],
                        to_rgb=True),
                    dict(type='ImageToTensor', keys=['img']),
                    dict(type='Collect', keys=['img'])
                ])
        ]),
    test=dict(
        type='CityscapesDataset',
        data_root='data/cityscapes/',
        img_dir='leftImg8bit/val',
        ann_dir='gtFine/val',
        pipeline=[
            dict(type='LoadImageFromFile'),
            dict(
                type='MultiScaleFlipAug',
                img_scale=(2049, 1025),
                flip=False,
                transforms=[
                    dict(type='Resize', keep_ratio=True),
                    dict(type='RandomFlip'),
                    dict(
                        type='Normalize',
                        mean=[123.675, 116.28, 103.53],
                        std=[58.395, 57.12, 57.375],
                        to_rgb=True),
                    dict(type='ImageToTensor', keys=['img']),
                    dict(type='Collect', keys=['img'])
                ])
        ]))
log_config = dict(
    interval=50, hooks=[dict(type='TextLoggerHook', by_epoch=False)])
dist_params = dict(backend='nccl')
log_level = 'INFO'
load_from = None
resume_from = None
workflow = [('train', 1)]
cudnn_benchmark = True
optimizer = dict(
    type='SGD',
    lr=0.01,
    momentum=0.9,
    weight_decay=0.0,
    paramwise_cfg=dict(custom_keys=dict(head=dict(lr_mult=10.0))))
optimizer_config = dict()
lr_config = dict(policy='poly', power=0.9, min_lr=0.0001, by_epoch=False)
runner = dict(type='IterBasedRunner', max_iters=160000)
checkpoint_config = dict(by_epoch=False, interval=16000)
evaluation = dict(interval=16000, metric='mIoU')
find_unused_parameters = True
work_dir = './work_dirs/SETR_PUP_DeiT_convfuse_la_768x768_160k_cityscapes_bs_4'
gpu_ids = range(0, 1)

/home/juan/Donglusen/Workspace/mmsegmentation/mmseg/models/builder.py:59: UserWarning: train_cfg and test_cfg is deprecated, please specify them in model
  warnings.warn(
load pre-trained weight from imagenet21k
load pre-trained weight from imagenet21k
2021-07-29 22:28:55,789 - mmseg - INFO - EncoderDecoder(
  (backbone): VIT_ConvFuse(
    (patch_embed): PatchEmbed(
      (proj): Conv2d(3, 768, kernel_size=(16, 16), stride=(16, 16))
    )
    (pos_drop): Dropout(p=0.0, inplace=False)
    (blocks): ModuleList(
      (0): Block(
        (norm1): LayerNorm((768,), eps=1e-06, elementwise_affine=True)
        (attn): Attention(
          (qkv): Linear(in_features=768, out_features=2304, bias=True)
          (attn_drop): Dropout(p=0.0, inplace=False)
          (proj): Linear(in_features=768, out_features=768, bias=True)
          (proj_drop): Dropout(p=0.0, inplace=False)
        )
        (drop_path): Identity()
        (norm2): LayerNorm((768,), eps=1e-06, elementwise_affine=True)
        (mlp): Mlp(
          (fc1): Linear(in_features=768, out_features=3072, bias=True)
          (act): GELU()
          (fc2): Linear(in_features=3072, out_features=768, bias=True)
          (drop): Dropout(p=0.0, inplace=False)
        )
      )
      (1): Block(
        (norm1): LayerNorm((768,), eps=1e-06, elementwise_affine=True)
        (attn): Attention(
          (qkv): Linear(in_features=768, out_features=2304, bias=True)
          (attn_drop): Dropout(p=0.0, inplace=False)
          (proj): Linear(in_features=768, out_features=768, bias=True)
          (proj_drop): Dropout(p=0.0, inplace=False)
        )
        (drop_path): Identity()
        (norm2): LayerNorm((768,), eps=1e-06, elementwise_affine=True)
        (mlp): Mlp(
          (fc1): Linear(in_features=768, out_features=3072, bias=True)
          (act): GELU()
          (fc2): Linear(in_features=3072, out_features=768, bias=True)
          (drop): Dropout(p=0.0, inplace=False)
        )
      )
      (2): Block(
        (norm1): LayerNorm((768,), eps=1e-06, elementwise_affine=True)
        (attn): Attention(
          (qkv): Linear(in_features=768, out_features=2304, bias=True)
          (attn_drop): Dropout(p=0.0, inplace=False)
          (proj): Linear(in_features=768, out_features=768, bias=True)
          (proj_drop): Dropout(p=0.0, inplace=False)
        )
        (drop_path): Identity()
        (norm2): LayerNorm((768,), eps=1e-06, elementwise_affine=True)
        (mlp): Mlp(
          (fc1): Linear(in_features=768, out_features=3072, bias=True)
          (act): GELU()
          (fc2): Linear(in_features=3072, out_features=768, bias=True)
          (drop): Dropout(p=0.0, inplace=False)
        )
      )
      (3): Block(
        (norm1): LayerNorm((768,), eps=1e-06, elementwise_affine=True)
        (attn): Attention(
          (qkv): Linear(in_features=768, out_features=2304, bias=True)
          (attn_drop): Dropout(p=0.0, inplace=False)
          (proj): Linear(in_features=768, out_features=768, bias=True)
          (proj_drop): Dropout(p=0.0, inplace=False)
        )
        (drop_path): Identity()
        (norm2): LayerNorm((768,), eps=1e-06, elementwise_affine=True)
        (mlp): Mlp(
          (fc1): Linear(in_features=768, out_features=3072, bias=True)
          (act): GELU()
          (fc2): Linear(in_features=3072, out_features=768, bias=True)
          (drop): Dropout(p=0.0, inplace=False)
        )
      )
      (4): Block(
        (norm1): LayerNorm((768,), eps=1e-06, elementwise_affine=True)
        (attn): Attention(
          (qkv): Linear(in_features=768, out_features=2304, bias=True)
          (attn_drop): Dropout(p=0.0, inplace=False)
          (proj): Linear(in_features=768, out_features=768, bias=True)
          (proj_drop): Dropout(p=0.0, inplace=False)
        )
        (drop_path): Identity()
        (norm2): LayerNorm((768,), eps=1e-06, elementwise_affine=True)
        (mlp): Mlp(
          (fc1): Linear(in_features=768, out_features=3072, bias=True)
          (act): GELU()
          (fc2): Linear(in_features=3072, out_features=768, bias=True)
          (drop): Dropout(p=0.0, inplace=False)
        )
      )
      (5): Block(
        (norm1): LayerNorm((768,), eps=1e-06, elementwise_affine=True)
        (attn): Attention(
          (qkv): Linear(in_features=768, out_features=2304, bias=True)
          (attn_drop): Dropout(p=0.0, inplace=False)
          (proj): Linear(in_features=768, out_features=768, bias=True)
          (proj_drop): Dropout(p=0.0, inplace=False)
        )
        (drop_path): Identity()
        (norm2): LayerNorm((768,), eps=1e-06, elementwise_affine=True)
        (mlp): Mlp(
          (fc1): Linear(in_features=768, out_features=3072, bias=True)
          (act): GELU()
          (fc2): Linear(in_features=3072, out_features=768, bias=True)
          (drop): Dropout(p=0.0, inplace=False)
        )
      )
      (6): Block(
        (norm1): LayerNorm((768,), eps=1e-06, elementwise_affine=True)
        (attn): Attention(
          (qkv): Linear(in_features=768, out_features=2304, bias=True)
          (attn_drop): Dropout(p=0.0, inplace=False)
          (proj): Linear(in_features=768, out_features=768, bias=True)
          (proj_drop): Dropout(p=0.0, inplace=False)
        )
        (drop_path): Identity()
        (norm2): LayerNorm((768,), eps=1e-06, elementwise_affine=True)
        (mlp): Mlp(
          (fc1): Linear(in_features=768, out_features=3072, bias=True)
          (act): GELU()
          (fc2): Linear(in_features=3072, out_features=768, bias=True)
          (drop): Dropout(p=0.0, inplace=False)
        )
      )
      (7): Block(
        (norm1): LayerNorm((768,), eps=1e-06, elementwise_affine=True)
        (attn): Attention(
          (qkv): Linear(in_features=768, out_features=2304, bias=True)
          (attn_drop): Dropout(p=0.0, inplace=False)
          (proj): Linear(in_features=768, out_features=768, bias=True)
          (proj_drop): Dropout(p=0.0, inplace=False)
        )
        (drop_path): Identity()
        (norm2): LayerNorm((768,), eps=1e-06, elementwise_affine=True)
        (mlp): Mlp(
          (fc1): Linear(in_features=768, out_features=3072, bias=True)
          (act): GELU()
          (fc2): Linear(in_features=3072, out_features=768, bias=True)
          (drop): Dropout(p=0.0, inplace=False)
        )
      )
      (8): Block(
        (norm1): LayerNorm((768,), eps=1e-06, elementwise_affine=True)
        (attn): Attention(
          (qkv): Linear(in_features=768, out_features=2304, bias=True)
          (attn_drop): Dropout(p=0.0, inplace=False)
          (proj): Linear(in_features=768, out_features=768, bias=True)
          (proj_drop): Dropout(p=0.0, inplace=False)
        )
        (drop_path): Identity()
        (norm2): LayerNorm((768,), eps=1e-06, elementwise_affine=True)
        (mlp): Mlp(
          (fc1): Linear(in_features=768, out_features=3072, bias=True)
          (act): GELU()
          (fc2): Linear(in_features=3072, out_features=768, bias=True)
          (drop): Dropout(p=0.0, inplace=False)
        )
      )
      (9): Block(
        (norm1): LayerNorm((768,), eps=1e-06, elementwise_affine=True)
        (attn): Attention(
          (qkv): Linear(in_features=768, out_features=2304, bias=True)
          (attn_drop): Dropout(p=0.0, inplace=False)
          (proj): Linear(in_features=768, out_features=768, bias=True)
          (proj_drop): Dropout(p=0.0, inplace=False)
        )
        (drop_path): Identity()
        (norm2): LayerNorm((768,), eps=1e-06, elementwise_affine=True)
        (mlp): Mlp(
          (fc1): Linear(in_features=768, out_features=3072, bias=True)
          (act): GELU()
          (fc2): Linear(in_features=3072, out_features=768, bias=True)
          (drop): Dropout(p=0.0, inplace=False)
        )
      )
      (10): Block(
        (norm1): LayerNorm((768,), eps=1e-06, elementwise_affine=True)
        (attn): Attention(
          (qkv): Linear(in_features=768, out_features=2304, bias=True)
          (attn_drop): Dropout(p=0.0, inplace=False)
          (proj): Linear(in_features=768, out_features=768, bias=True)
          (proj_drop): Dropout(p=0.0, inplace=False)
        )
        (drop_path): Identity()
        (norm2): LayerNorm((768,), eps=1e-06, elementwise_affine=True)
        (mlp): Mlp(
          (fc1): Linear(in_features=768, out_features=3072, bias=True)
          (act): GELU()
          (fc2): Linear(in_features=3072, out_features=768, bias=True)
          (drop): Dropout(p=0.0, inplace=False)
        )
      )
      (11): Block(
        (norm1): LayerNorm((768,), eps=1e-06, elementwise_affine=True)
        (attn): Attention(
          (qkv): Linear(in_features=768, out_features=2304, bias=True)
          (attn_drop): Dropout(p=0.0, inplace=False)
          (proj): Linear(in_features=768, out_features=768, bias=True)
          (proj_drop): Dropout(p=0.0, inplace=False)
        )
        (drop_path): Identity()
        (norm2): LayerNorm((768,), eps=1e-06, elementwise_affine=True)
        (mlp): Mlp(
          (fc1): Linear(in_features=768, out_features=3072, bias=True)
          (act): GELU()
          (fc2): Linear(in_features=3072, out_features=768, bias=True)
          (drop): Dropout(p=0.0, inplace=False)
        )
      )
    )
    (conv_fuse): Conv_Fuse(
      (conv1): Conv2d(3, 64, kernel_size=(3, 3), stride=(2, 2), padding=(1, 1))
      (relu1): ReLU()
      (conv2): Conv2d(64, 128, kernel_size=(3, 3), stride=(2, 2), padding=(1, 1))
      (relu2): ReLU()
      (bn1): BatchNorm2d(64, eps=1e-05, momentum=0.1, affine=True, track_running_stats=True)
      (bn2): BatchNorm2d(128, eps=1e-05, momentum=0.1, affine=True, track_running_stats=True)
    )
  )
  (decode_head): VisionTransformerUpHeadConvFuseLA(
    input_transform=None, ignore_index=255, align_corners=False
    (loss_decode): CrossEntropyLoss()
    (conv_seg): Conv2d(512, 19, kernel_size=(1, 1), stride=(1, 1))
    (dropout): Dropout2d(p=0.1, inplace=False)
    (norm): LayerNorm((768,), eps=1e-06, elementwise_affine=True)
    (conv_fuse): Conv2d(384, 256, kernel_size=(3, 3), stride=(1, 1), padding=(1, 1))
    (conv_0): Conv2d(768, 256, kernel_size=(3, 3), stride=(1, 1), padding=(1, 1))
    (conv_1): Conv2d(256, 256, kernel_size=(3, 3), stride=(1, 1), padding=(1, 1))
    (conv_2): Conv2d(256, 256, kernel_size=(3, 3), stride=(1, 1), padding=(1, 1))
    (conv_3): Conv2d(256, 256, kernel_size=(3, 3), stride=(1, 1), padding=(1, 1))
    (conv_4): Conv2d(256, 19, kernel_size=(1, 1), stride=(1, 1))
    (syncbn_fc_0): SyncBatchNorm(256, eps=1e-05, momentum=0.1, affine=True, track_running_stats=True)
    (syncbn_fc_1): SyncBatchNorm(256, eps=1e-05, momentum=0.1, affine=True, track_running_stats=True)
    (syncbn_fc_2): SyncBatchNorm(256, eps=1e-05, momentum=0.1, affine=True, track_running_stats=True)
    (syncbn_fc_3): SyncBatchNorm(256, eps=1e-05, momentum=0.1, affine=True, track_running_stats=True)
    (la): Layer_Att(
      (softmax): Softmax(dim=-1)
    )
  )
  (auxiliary_head): ModuleList(
    (0): VisionTransformerUpHead(
      input_transform=None, ignore_index=255, align_corners=False
      (loss_decode): CrossEntropyLoss()
      (conv_seg): Conv2d(512, 19, kernel_size=(1, 1), stride=(1, 1))
      (dropout): Dropout2d(p=0.1, inplace=False)
      (norm): LayerNorm((768,), eps=1e-06, elementwise_affine=True)
      (conv_0): Conv2d(768, 256, kernel_size=(3, 3), stride=(1, 1), padding=(1, 1))
      (conv_1): Conv2d(256, 19, kernel_size=(1, 1), stride=(1, 1))
      (syncbn_fc_0): SyncBatchNorm(256, eps=1e-05, momentum=0.1, affine=True, track_running_stats=True)
    )
    (1): VisionTransformerUpHead(
      input_transform=None, ignore_index=255, align_corners=False
      (loss_decode): CrossEntropyLoss()
      (conv_seg): Conv2d(512, 19, kernel_size=(1, 1), stride=(1, 1))
      (dropout): Dropout2d(p=0.1, inplace=False)
      (norm): LayerNorm((768,), eps=1e-06, elementwise_affine=True)
      (conv_0): Conv2d(768, 256, kernel_size=(3, 3), stride=(1, 1), padding=(1, 1))
      (conv_1): Conv2d(256, 19, kernel_size=(1, 1), stride=(1, 1))
      (syncbn_fc_0): SyncBatchNorm(256, eps=1e-05, momentum=0.1, affine=True, track_running_stats=True)
    )
    (2): VisionTransformerUpHead(
      input_transform=None, ignore_index=255, align_corners=False
      (loss_decode): CrossEntropyLoss()
      (conv_seg): Conv2d(512, 19, kernel_size=(1, 1), stride=(1, 1))
      (dropout): Dropout2d(p=0.1, inplace=False)
      (norm): LayerNorm((768,), eps=1e-06, elementwise_affine=True)
      (conv_0): Conv2d(768, 256, kernel_size=(3, 3), stride=(1, 1), padding=(1, 1))
      (conv_1): Conv2d(256, 19, kernel_size=(1, 1), stride=(1, 1))
      (syncbn_fc_0): SyncBatchNorm(256, eps=1e-05, momentum=0.1, affine=True, track_running_stats=True)
    )
    (3): VisionTransformerUpHead(
      input_transform=None, ignore_index=255, align_corners=False
      (loss_decode): CrossEntropyLoss()
      (conv_seg): Conv2d(512, 19, kernel_size=(1, 1), stride=(1, 1))
      (dropout): Dropout2d(p=0.1, inplace=False)
      (norm): LayerNorm((768,), eps=1e-06, elementwise_affine=True)
      (conv_0): Conv2d(768, 256, kernel_size=(3, 3), stride=(1, 1), padding=(1, 1))
      (conv_1): Conv2d(256, 19, kernel_size=(1, 1), stride=(1, 1))
      (syncbn_fc_0): SyncBatchNorm(256, eps=1e-05, momentum=0.1, affine=True, track_running_stats=True)
    )
  )
)
/home/juan/Documents/mmcv/mmcv/utils/misc.py:303: UserWarning: "flip_ratio" is deprecated in `RandomFlip.__init__`, please use "prob" instead
  warnings.warn(
/home/juan/Documents/mmcv/mmcv/utils/misc.py:303: UserWarning: "flip_ratio" is deprecated in `RandomFlip.__init__`, please use "prob" instead
  warnings.warn(
2021-07-29 22:28:55,829 - mmseg - INFO - Loaded 2975 images
2021-07-29 22:28:56,342 - mmseg - INFO - Loaded 500 images
2021-07-29 22:28:56,343 - mmseg - INFO - Start running, host: juan@juan-wang, work_dir: /home/juan/Donglusen/Workspace/mmsegmentation/work_dirs/SETR_PUP_DeiT_convfuse_la_768x768_160k_cityscapes_bs_4
2021-07-29 22:28:56,343 - mmseg - INFO - workflow: [('train', 1)], max: 160000 iters
2021-07-29 22:29:36,487 - mmseg - INFO - Iter [50/160000]	lr: 9.997e-03, eta: 1 day, 6:50:20, time: 0.694, data_time: 0.011, memory: 20604, decode.loss_seg: 1.6066, decode.acc_seg: 49.2496, aux_0.loss_seg: 0.5699, aux_0.acc_seg: 50.7964, aux_1.loss_seg: 0.5259, aux_1.acc_seg: 54.1091, aux_2.loss_seg: 0.5265, aux_2.acc_seg: 53.9030, aux_3.loss_seg: 0.5398, aux_3.acc_seg: 53.2216, loss: 3.7688
2021-07-29 22:30:07,825 - mmseg - INFO - Iter [100/160000]	lr: 9.994e-03, eta: 1 day, 5:20:16, time: 0.627, data_time: 0.004, memory: 20604, decode.loss_seg: 1.4799, decode.acc_seg: 51.3933, aux_0.loss_seg: 0.5161, aux_0.acc_seg: 51.2925, aux_1.loss_seg: 0.4981, aux_1.acc_seg: 54.0292, aux_2.loss_seg: 0.5016, aux_2.acc_seg: 53.2377, aux_3.loss_seg: 0.5040, aux_3.acc_seg: 53.1341, loss: 3.4996
2021-07-29 22:30:39,309 - mmseg - INFO - Iter [150/160000]	lr: 9.992e-03, eta: 1 day, 4:52:19, time: 0.630, data_time: 0.003, memory: 20604, decode.loss_seg: 1.1405, decode.acc_seg: 59.7574, aux_0.loss_seg: 0.4662, aux_0.acc_seg: 56.8164, aux_1.loss_seg: 0.4510, aux_1.acc_seg: 58.8625, aux_2.loss_seg: 0.4455, aux_2.acc_seg: 58.7462, aux_3.loss_seg: 0.4435, aux_3.acc_seg: 58.7971, loss: 2.9466
2021-07-29 22:31:10,921 - mmseg - INFO - Iter [200/160000]	lr: 9.989e-03, eta: 1 day, 4:39:46, time: 0.632, data_time: 0.004, memory: 20604, decode.loss_seg: 1.1633, decode.acc_seg: 58.9631, aux_0.loss_seg: 0.4498, aux_0.acc_seg: 58.3501, aux_1.loss_seg: 0.4389, aux_1.acc_seg: 61.7033, aux_2.loss_seg: 0.4315, aux_2.acc_seg: 61.1839, aux_3.loss_seg: 0.4301, aux_3.acc_seg: 60.9530, loss: 2.9137
2021-07-29 22:31:42,485 - mmseg - INFO - Iter [250/160000]	lr: 9.986e-03, eta: 1 day, 4:31:32, time: 0.631, data_time: 0.003, memory: 20604, decode.loss_seg: 1.1060, decode.acc_seg: 59.7832, aux_0.loss_seg: 0.4118, aux_0.acc_seg: 59.5797, aux_1.loss_seg: 0.3858, aux_1.acc_seg: 62.2119, aux_2.loss_seg: 0.3858, aux_2.acc_seg: 62.0560, aux_3.loss_seg: 0.3850, aux_3.acc_seg: 62.2056, loss: 2.6743
2021-07-29 22:32:14,101 - mmseg - INFO - Iter [300/160000]	lr: 9.983e-03, eta: 1 day, 4:26:20, time: 0.632, data_time: 0.004, memory: 20604, decode.loss_seg: 0.8829, decode.acc_seg: 64.3353, aux_0.loss_seg: 0.3648, aux_0.acc_seg: 62.1569, aux_1.loss_seg: 0.3216, aux_1.acc_seg: 65.8817, aux_2.loss_seg: 0.3302, aux_2.acc_seg: 65.5865, aux_3.loss_seg: 0.3285, aux_3.acc_seg: 65.7423, loss: 2.2280
2021-07-29 22:32:45,728 - mmseg - INFO - Iter [350/160000]	lr: 9.981e-03, eta: 1 day, 4:22:29, time: 0.632, data_time: 0.004, memory: 20604, decode.loss_seg: 0.8426, decode.acc_seg: 67.0221, aux_0.loss_seg: 0.3465, aux_0.acc_seg: 65.5047, aux_1.loss_seg: 0.3051, aux_1.acc_seg: 68.2201, aux_2.loss_seg: 0.3083, aux_2.acc_seg: 68.1755, aux_3.loss_seg: 0.3087, aux_3.acc_seg: 68.0753, loss: 2.1111
2021-07-29 22:33:17,329 - mmseg - INFO - Iter [400/160000]	lr: 9.978e-03, eta: 1 day, 4:19:25, time: 0.632, data_time: 0.004, memory: 20604, decode.loss_seg: 0.7308, decode.acc_seg: 68.0506, aux_0.loss_seg: 0.3023, aux_0.acc_seg: 66.1229, aux_1.loss_seg: 0.2626, aux_1.acc_seg: 69.4479, aux_2.loss_seg: 0.2670, aux_2.acc_seg: 69.0980, aux_3.loss_seg: 0.2669, aux_3.acc_seg: 69.1278, loss: 1.8296
2021-07-29 22:33:48,828 - mmseg - INFO - Iter [450/160000]	lr: 9.975e-03, eta: 1 day, 4:16:11, time: 0.630, data_time: 0.003, memory: 20604, decode.loss_seg: 0.8219, decode.acc_seg: 68.1156, aux_0.loss_seg: 0.3284, aux_0.acc_seg: 67.6511, aux_1.loss_seg: 0.2798, aux_1.acc_seg: 71.6509, aux_2.loss_seg: 0.2856, aux_2.acc_seg: 71.4000, aux_3.loss_seg: 0.2856, aux_3.acc_seg: 71.3299, loss: 2.0013
2021-07-29 22:34:20,469 - mmseg - INFO - Iter [500/160000]	lr: 9.972e-03, eta: 1 day, 4:14:22, time: 0.633, data_time: 0.005, memory: 20604, decode.loss_seg: 0.7550, decode.acc_seg: 71.1960, aux_0.loss_seg: 0.3057, aux_0.acc_seg: 69.3295, aux_1.loss_seg: 0.2575, aux_1.acc_seg: 73.4449, aux_2.loss_seg: 0.2638, aux_2.acc_seg: 73.1970, aux_3.loss_seg: 0.2631, aux_3.acc_seg: 73.2430, loss: 1.8451
2021-07-29 22:34:52,103 - mmseg - INFO - Iter [550/160000]	lr: 9.969e-03, eta: 1 day, 4:12:39, time: 0.632, data_time: 0.004, memory: 20604, decode.loss_seg: 0.6526, decode.acc_seg: 69.7845, aux_0.loss_seg: 0.2705, aux_0.acc_seg: 68.7890, aux_1.loss_seg: 0.2222, aux_1.acc_seg: 72.3578, aux_2.loss_seg: 0.2279, aux_2.acc_seg: 72.1193, aux_3.loss_seg: 0.2287, aux_3.acc_seg: 72.0770, loss: 1.6019
2021-07-29 22:35:23,799 - mmseg - INFO - Iter [600/160000]	lr: 9.967e-03, eta: 1 day, 4:11:27, time: 0.634, data_time: 0.004, memory: 20604, decode.loss_seg: 0.9166, decode.acc_seg: 66.1660, aux_0.loss_seg: 0.3335, aux_0.acc_seg: 66.9002, aux_1.loss_seg: 0.3050, aux_1.acc_seg: 69.2420, aux_2.loss_seg: 0.3118, aux_2.acc_seg: 69.2956, aux_3.loss_seg: 0.3129, aux_3.acc_seg: 69.2260, loss: 2.1798
2021-07-29 22:35:55,483 - mmseg - INFO - Iter [650/160000]	lr: 9.964e-03, eta: 1 day, 4:10:20, time: 0.634, data_time: 0.004, memory: 20604, decode.loss_seg: 0.6749, decode.acc_seg: 70.4360, aux_0.loss_seg: 0.2740, aux_0.acc_seg: 69.6125, aux_1.loss_seg: 0.2354, aux_1.acc_seg: 72.5863, aux_2.loss_seg: 0.2385, aux_2.acc_seg: 72.6413, aux_3.loss_seg: 0.2390, aux_3.acc_seg: 72.6073, loss: 1.6618
2021-07-29 22:36:27,151 - mmseg - INFO - Iter [700/160000]	lr: 9.961e-03, eta: 1 day, 4:09:13, time: 0.633, data_time: 0.004, memory: 20604, decode.loss_seg: 0.7807, decode.acc_seg: 69.4713, aux_0.loss_seg: 0.3189, aux_0.acc_seg: 67.8635, aux_1.loss_seg: 0.2740, aux_1.acc_seg: 71.3752, aux_2.loss_seg: 0.2787, aux_2.acc_seg: 71.3848, aux_3.loss_seg: 0.2785, aux_3.acc_seg: 71.5633, loss: 1.9309
2021-07-29 22:37:05,059 - mmseg - INFO - Iter [750/160000]	lr: 9.958e-03, eta: 1 day, 4:30:16, time: 0.758, data_time: 0.130, memory: 20604, decode.loss_seg: 0.6913, decode.acc_seg: 69.9671, aux_0.loss_seg: 0.2809, aux_0.acc_seg: 68.6180, aux_1.loss_seg: 0.2376, aux_1.acc_seg: 71.8915, aux_2.loss_seg: 0.2394, aux_2.acc_seg: 72.1658, aux_3.loss_seg: 0.2401, aux_3.acc_seg: 72.0810, loss: 1.6893
2021-07-29 22:37:36,834 - mmseg - INFO - Iter [800/160000]	lr: 9.955e-03, eta: 1 day, 4:28:13, time: 0.635, data_time: 0.004, memory: 20604, decode.loss_seg: 0.5582, decode.acc_seg: 74.8247, aux_0.loss_seg: 0.2379, aux_0.acc_seg: 73.4148, aux_1.loss_seg: 0.1904, aux_1.acc_seg: 76.7596, aux_2.loss_seg: 0.1939, aux_2.acc_seg: 76.6232, aux_3.loss_seg: 0.1937, aux_3.acc_seg: 76.6785, loss: 1.3740
2021-07-29 22:38:08,510 - mmseg - INFO - Iter [850/160000]	lr: 9.953e-03, eta: 1 day, 4:26:07, time: 0.634, data_time: 0.005, memory: 20604, decode.loss_seg: 0.5526, decode.acc_seg: 75.0634, aux_0.loss_seg: 0.2280, aux_0.acc_seg: 73.8172, aux_1.loss_seg: 0.1871, aux_1.acc_seg: 77.0776, aux_2.loss_seg: 0.1914, aux_2.acc_seg: 76.7642, aux_3.loss_seg: 0.1907, aux_3.acc_seg: 76.8490, loss: 1.3498
2021-07-29 22:38:40,149 - mmseg - INFO - Iter [900/160000]	lr: 9.950e-03, eta: 1 day, 4:24:01, time: 0.633, data_time: 0.004, memory: 20604, decode.loss_seg: 0.5454, decode.acc_seg: 75.6312, aux_0.loss_seg: 0.2250, aux_0.acc_seg: 73.6271, aux_1.loss_seg: 0.1826, aux_1.acc_seg: 77.1854, aux_2.loss_seg: 0.1856, aux_2.acc_seg: 77.1313, aux_3.loss_seg: 0.1848, aux_3.acc_seg: 77.2439, loss: 1.3233
2021-07-29 22:39:11,801 - mmseg - INFO - Iter [950/160000]	lr: 9.947e-03, eta: 1 day, 4:22:10, time: 0.633, data_time: 0.005, memory: 20604, decode.loss_seg: 0.5845, decode.acc_seg: 73.9725, aux_0.loss_seg: 0.2442, aux_0.acc_seg: 72.3655, aux_1.loss_seg: 0.2032, aux_1.acc_seg: 75.3285, aux_2.loss_seg: 0.2056, aux_2.acc_seg: 75.3613, aux_3.loss_seg: 0.2062, aux_3.acc_seg: 75.3426, loss: 1.4435
2021-07-29 22:39:43,443 - mmseg - INFO - Exp name: SETR_PUP_DeiT_convfuse_la_768x768_160k_cityscapes_bs_4.py
2021-07-29 22:39:43,444 - mmseg - INFO - Iter [1000/160000]	lr: 9.944e-03, eta: 1 day, 4:20:24, time: 0.633, data_time: 0.005, memory: 20604, decode.loss_seg: 0.6284, decode.acc_seg: 74.3423, aux_0.loss_seg: 0.2542, aux_0.acc_seg: 72.6603, aux_1.loss_seg: 0.2048, aux_1.acc_seg: 77.1952, aux_2.loss_seg: 0.2094, aux_2.acc_seg: 76.7738, aux_3.loss_seg: 0.2104, aux_3.acc_seg: 76.8082, loss: 1.5072
2021-07-29 22:40:15,112 - mmseg - INFO - Iter [1050/160000]	lr: 9.942e-03, eta: 1 day, 4:18:47, time: 0.633, data_time: 0.005, memory: 20604, decode.loss_seg: 0.5650, decode.acc_seg: 74.9240, aux_0.loss_seg: 0.2279, aux_0.acc_seg: 73.5824, aux_1.loss_seg: 0.1885, aux_1.acc_seg: 76.5500, aux_2.loss_seg: 0.1931, aux_2.acc_seg: 76.3918, aux_3.loss_seg: 0.1941, aux_3.acc_seg: 76.3655, loss: 1.3686
2021-07-29 22:40:46,730 - mmseg - INFO - Iter [1100/160000]	lr: 9.939e-03, eta: 1 day, 4:17:12, time: 0.633, data_time: 0.005, memory: 20604, decode.loss_seg: 0.6367, decode.acc_seg: 72.9719, aux_0.loss_seg: 0.2767, aux_0.acc_seg: 70.8177, aux_1.loss_seg: 0.2177, aux_1.acc_seg: 74.9188, aux_2.loss_seg: 0.2200, aux_2.acc_seg: 74.6511, aux_3.loss_seg: 0.2204, aux_3.acc_seg: 74.6107, loss: 1.5715
2021-07-29 22:41:18,478 - mmseg - INFO - Iter [1150/160000]	lr: 9.936e-03, eta: 1 day, 4:15:58, time: 0.635, data_time: 0.005, memory: 20604, decode.loss_seg: 0.5391, decode.acc_seg: 74.4866, aux_0.loss_seg: 0.2366, aux_0.acc_seg: 71.9855, aux_1.loss_seg: 0.1887, aux_1.acc_seg: 75.5383, aux_2.loss_seg: 0.1873, aux_2.acc_seg: 75.8427, aux_3.loss_seg: 0.1877, aux_3.acc_seg: 75.7869, loss: 1.3393
2021-07-29 22:41:50,220 - mmseg - INFO - Iter [1200/160000]	lr: 9.933e-03, eta: 1 day, 4:14:48, time: 0.635, data_time: 0.005, memory: 20604, decode.loss_seg: 0.5152, decode.acc_seg: 73.5878, aux_0.loss_seg: 0.2163, aux_0.acc_seg: 72.0555, aux_1.loss_seg: 0.1760, aux_1.acc_seg: 74.8784, aux_2.loss_seg: 0.1768, aux_2.acc_seg: 74.9246, aux_3.loss_seg: 0.1766, aux_3.acc_seg: 74.9588, loss: 1.2610
2021-07-29 22:42:21,870 - mmseg - INFO - Iter [1250/160000]	lr: 9.930e-03, eta: 1 day, 4:13:30, time: 0.633, data_time: 0.005, memory: 20604, decode.loss_seg: 0.4957, decode.acc_seg: 76.2038, aux_0.loss_seg: 0.2239, aux_0.acc_seg: 73.9591, aux_1.loss_seg: 0.1728, aux_1.acc_seg: 77.6804, aux_2.loss_seg: 0.1735, aux_2.acc_seg: 77.7500, aux_3.loss_seg: 0.1738, aux_3.acc_seg: 77.6986, loss: 1.2396
2021-07-29 22:42:53,556 - mmseg - INFO - Iter [1300/160000]	lr: 9.928e-03, eta: 1 day, 4:12:19, time: 0.634, data_time: 0.004, memory: 20604, decode.loss_seg: 0.5089, decode.acc_seg: 75.6027, aux_0.loss_seg: 0.2198, aux_0.acc_seg: 74.7212, aux_1.loss_seg: 0.1732, aux_1.acc_seg: 77.6007, aux_2.loss_seg: 0.1756, aux_2.acc_seg: 77.3842, aux_3.loss_seg: 0.1759, aux_3.acc_seg: 77.3289, loss: 1.2534
2021-07-29 22:43:25,381 - mmseg - INFO - Iter [1350/160000]	lr: 9.925e-03, eta: 1 day, 4:11:27, time: 0.637, data_time: 0.005, memory: 20604, decode.loss_seg: 0.5060, decode.acc_seg: 75.8049, aux_0.loss_seg: 0.2115, aux_0.acc_seg: 74.5839, aux_1.loss_seg: 0.1705, aux_1.acc_seg: 77.7195, aux_2.loss_seg: 0.1724, aux_2.acc_seg: 77.6415, aux_3.loss_seg: 0.1721, aux_3.acc_seg: 77.6572, loss: 1.2324
2021-07-29 22:43:57,159 - mmseg - INFO - Iter [1400/160000]	lr: 9.922e-03, eta: 1 day, 4:10:32, time: 0.636, data_time: 0.005, memory: 20604, decode.loss_seg: 0.4129, decode.acc_seg: 79.0520, aux_0.loss_seg: 0.1826, aux_0.acc_seg: 77.0056, aux_1.loss_seg: 0.1421, aux_1.acc_seg: 79.9203, aux_2.loss_seg: 0.1441, aux_2.acc_seg: 79.8925, aux_3.loss_seg: 0.1436, aux_3.acc_seg: 79.9391, loss: 1.0253
2021-07-29 22:44:28,855 - mmseg - INFO - Iter [1450/160000]	lr: 9.919e-03, eta: 1 day, 4:09:30, time: 0.634, data_time: 0.005, memory: 20604, decode.loss_seg: 0.5258, decode.acc_seg: 75.2831, aux_0.loss_seg: 0.2214, aux_0.acc_seg: 73.9573, aux_1.loss_seg: 0.1739, aux_1.acc_seg: 77.1010, aux_2.loss_seg: 0.1730, aux_2.acc_seg: 77.0382, aux_3.loss_seg: 0.1734, aux_3.acc_seg: 77.1666, loss: 1.2675
2021-07-29 22:45:06,749 - mmseg - INFO - Iter [1500/160000]	lr: 9.916e-03, eta: 1 day, 4:19:24, time: 0.758, data_time: 0.128, memory: 20604, decode.loss_seg: 0.5722, decode.acc_seg: 76.6683, aux_0.loss_seg: 0.2177, aux_0.acc_seg: 75.4605, aux_1.loss_seg: 0.1758, aux_1.acc_seg: 78.6831, aux_2.loss_seg: 0.1768, aux_2.acc_seg: 78.8435, aux_3.loss_seg: 0.1774, aux_3.acc_seg: 78.7772, loss: 1.3199
2021-07-29 22:45:38,414 - mmseg - INFO - Iter [1550/160000]	lr: 9.914e-03, eta: 1 day, 4:17:59, time: 0.633, data_time: 0.004, memory: 20604, decode.loss_seg: 0.4777, decode.acc_seg: 75.8733, aux_0.loss_seg: 0.1877, aux_0.acc_seg: 75.3249, aux_1.loss_seg: 0.1537, aux_1.acc_seg: 78.2060, aux_2.loss_seg: 0.1599, aux_2.acc_seg: 77.8879, aux_3.loss_seg: 0.1607, aux_3.acc_seg: 77.8652, loss: 1.1397
2021-07-29 22:46:10,117 - mmseg - INFO - Iter [1600/160000]	lr: 9.911e-03, eta: 1 day, 4:16:44, time: 0.634, data_time: 0.005, memory: 20604, decode.loss_seg: 0.4042, decode.acc_seg: 77.6083, aux_0.loss_seg: 0.1762, aux_0.acc_seg: 75.9712, aux_1.loss_seg: 0.1354, aux_1.acc_seg: 78.7844, aux_2.loss_seg: 0.1361, aux_2.acc_seg: 78.8598, aux_3.loss_seg: 0.1364, aux_3.acc_seg: 78.8718, loss: 0.9884
2021-07-29 22:46:41,789 - mmseg - INFO - Iter [1650/160000]	lr: 9.908e-03, eta: 1 day, 4:15:27, time: 0.633, data_time: 0.004, memory: 20604, decode.loss_seg: 0.4110, decode.acc_seg: 77.1710, aux_0.loss_seg: 0.1740, aux_0.acc_seg: 75.8486, aux_1.loss_seg: 0.1393, aux_1.acc_seg: 78.3589, aux_2.loss_seg: 0.1410, aux_2.acc_seg: 78.4413, aux_3.loss_seg: 0.1408, aux_3.acc_seg: 78.4367, loss: 1.0061
2021-07-29 22:47:13,458 - mmseg - INFO - Iter [1700/160000]	lr: 9.905e-03, eta: 1 day, 4:14:13, time: 0.633, data_time: 0.005, memory: 20604, decode.loss_seg: 0.4100, decode.acc_seg: 78.6931, aux_0.loss_seg: 0.1808, aux_0.acc_seg: 77.1953, aux_1.loss_seg: 0.1396, aux_1.acc_seg: 80.3462, aux_2.loss_seg: 0.1388, aux_2.acc_seg: 80.2180, aux_3.loss_seg: 0.1396, aux_3.acc_seg: 80.1796, loss: 1.0088
2021-07-29 22:47:45,132 - mmseg - INFO - Iter [1750/160000]	lr: 9.903e-03, eta: 1 day, 4:13:01, time: 0.633, data_time: 0.005, memory: 20604, decode.loss_seg: 0.4777, decode.acc_seg: 75.6373, aux_0.loss_seg: 0.2043, aux_0.acc_seg: 74.3054, aux_1.loss_seg: 0.1625, aux_1.acc_seg: 76.8491, aux_2.loss_seg: 0.1643, aux_2.acc_seg: 76.7682, aux_3.loss_seg: 0.1650, aux_3.acc_seg: 76.8557, loss: 1.1739
2021-07-29 22:48:16,857 - mmseg - INFO - Iter [1800/160000]	lr: 9.900e-03, eta: 1 day, 4:11:57, time: 0.635, data_time: 0.005, memory: 20604, decode.loss_seg: 0.3964, decode.acc_seg: 79.1349, aux_0.loss_seg: 0.1793, aux_0.acc_seg: 77.2121, aux_1.loss_seg: 0.1379, aux_1.acc_seg: 80.2238, aux_2.loss_seg: 0.1377, aux_2.acc_seg: 80.2943, aux_3.loss_seg: 0.1384, aux_3.acc_seg: 80.2786, loss: 0.9897
2021-07-29 22:48:48,517 - mmseg - INFO - Iter [1850/160000]	lr: 9.897e-03, eta: 1 day, 4:10:48, time: 0.633, data_time: 0.005, memory: 20604, decode.loss_seg: 0.5183, decode.acc_seg: 75.2720, aux_0.loss_seg: 0.2196, aux_0.acc_seg: 73.1939, aux_1.loss_seg: 0.1700, aux_1.acc_seg: 77.1884, aux_2.loss_seg: 0.1701, aux_2.acc_seg: 77.1928, aux_3.loss_seg: 0.1717, aux_3.acc_seg: 77.1058, loss: 1.2496
2021-07-29 22:49:20,197 - mmseg - INFO - Iter [1900/160000]	lr: 9.894e-03, eta: 1 day, 4:09:44, time: 0.634, data_time: 0.005, memory: 20604, decode.loss_seg: 0.4842, decode.acc_seg: 77.0396, aux_0.loss_seg: 0.2152, aux_0.acc_seg: 74.7695, aux_1.loss_seg: 0.1693, aux_1.acc_seg: 78.1875, aux_2.loss_seg: 0.1674, aux_2.acc_seg: 78.4678, aux_3.loss_seg: 0.1685, aux_3.acc_seg: 78.4127, loss: 1.2044
2021-07-29 22:49:51,826 - mmseg - INFO - Iter [1950/160000]	lr: 9.891e-03, eta: 1 day, 4:08:36, time: 0.633, data_time: 0.004, memory: 20604, decode.loss_seg: 0.4018, decode.acc_seg: 80.0465, aux_0.loss_seg: 0.1769, aux_0.acc_seg: 78.4625, aux_1.loss_seg: 0.1350, aux_1.acc_seg: 81.4057, aux_2.loss_seg: 0.1354, aux_2.acc_seg: 81.4319, aux_3.loss_seg: 0.1357, aux_3.acc_seg: 81.4123, loss: 0.9849
2021-07-29 22:50:23,489 - mmseg - INFO - Exp name: SETR_PUP_DeiT_convfuse_la_768x768_160k_cityscapes_bs_4.py
2021-07-29 22:50:23,489 - mmseg - INFO - Iter [2000/160000]	lr: 9.889e-03, eta: 1 day, 4:07:33, time: 0.633, data_time: 0.005, memory: 20604, decode.loss_seg: 0.4375, decode.acc_seg: 78.4762, aux_0.loss_seg: 0.1935, aux_0.acc_seg: 76.7149, aux_1.loss_seg: 0.1520, aux_1.acc_seg: 79.5368, aux_2.loss_seg: 0.1527, aux_2.acc_seg: 79.4977, aux_3.loss_seg: 0.1539, aux_3.acc_seg: 79.4676, loss: 1.0897
2021-07-29 22:50:55,093 - mmseg - INFO - Iter [2050/160000]	lr: 9.886e-03, eta: 1 day, 4:06:28, time: 0.632, data_time: 0.004, memory: 20604, decode.loss_seg: 0.4719, decode.acc_seg: 75.7732, aux_0.loss_seg: 0.2054, aux_0.acc_seg: 73.9366, aux_1.loss_seg: 0.1622, aux_1.acc_seg: 76.7768, aux_2.loss_seg: 0.1617, aux_2.acc_seg: 76.8228, aux_3.loss_seg: 0.1614, aux_3.acc_seg: 76.8277, loss: 1.1626
2021-07-29 22:51:26,758 - mmseg - INFO - Iter [2100/160000]	lr: 9.883e-03, eta: 1 day, 4:05:28, time: 0.633, data_time: 0.004, memory: 20604, decode.loss_seg: 0.4178, decode.acc_seg: 78.4109, aux_0.loss_seg: 0.1846, aux_0.acc_seg: 76.8859, aux_1.loss_seg: 0.1399, aux_1.acc_seg: 79.6426, aux_2.loss_seg: 0.1396, aux_2.acc_seg: 79.8120, aux_3.loss_seg: 0.1405, aux_3.acc_seg: 79.7042, loss: 1.0224
2021-07-29 22:51:58,505 - mmseg - INFO - Iter [2150/160000]	lr: 9.880e-03, eta: 1 day, 4:04:35, time: 0.635, data_time: 0.005, memory: 20604, decode.loss_seg: 0.4589, decode.acc_seg: 78.2220, aux_0.loss_seg: 0.1968, aux_0.acc_seg: 76.2209, aux_1.loss_seg: 0.1591, aux_1.acc_seg: 79.4485, aux_2.loss_seg: 0.1592, aux_2.acc_seg: 79.4990, aux_3.loss_seg: 0.1597, aux_3.acc_seg: 79.5109, loss: 1.1336
2021-07-29 22:52:30,205 - mmseg - INFO - Iter [2200/160000]	lr: 9.877e-03, eta: 1 day, 4:03:41, time: 0.634, data_time: 0.005, memory: 20604, decode.loss_seg: 0.3551, decode.acc_seg: 80.1829, aux_0.loss_seg: 0.1638, aux_0.acc_seg: 78.2916, aux_1.loss_seg: 0.1235, aux_1.acc_seg: 81.2624, aux_2.loss_seg: 0.1207, aux_2.acc_seg: 81.5250, aux_3.loss_seg: 0.1214, aux_3.acc_seg: 81.4632, loss: 0.8846
2021-07-29 22:53:07,834 - mmseg - INFO - Iter [2250/160000]	lr: 9.875e-03, eta: 1 day, 4:09:42, time: 0.752, data_time: 0.125, memory: 20604, decode.loss_seg: 0.4517, decode.acc_seg: 78.2467, aux_0.loss_seg: 0.2013, aux_0.acc_seg: 76.4729, aux_1.loss_seg: 0.1568, aux_1.acc_seg: 79.4828, aux_2.loss_seg: 0.1569, aux_2.acc_seg: 79.4947, aux_3.loss_seg: 0.1563, aux_3.acc_seg: 79.5863, loss: 1.1230
2021-07-29 22:53:39,485 - mmseg - INFO - Iter [2300/160000]	lr: 9.872e-03, eta: 1 day, 4:08:38, time: 0.633, data_time: 0.004, memory: 20604, decode.loss_seg: 0.3894, decode.acc_seg: 76.8618, aux_0.loss_seg: 0.1834, aux_0.acc_seg: 74.4402, aux_1.loss_seg: 0.1370, aux_1.acc_seg: 77.6708, aux_2.loss_seg: 0.1346, aux_2.acc_seg: 77.7030, aux_3.loss_seg: 0.1345, aux_3.acc_seg: 77.8066, loss: 0.9788
2021-07-29 22:54:11,109 - mmseg - INFO - Iter [2350/160000]	lr: 9.869e-03, eta: 1 day, 4:07:31, time: 0.632, data_time: 0.004, memory: 20604, decode.loss_seg: 0.4779, decode.acc_seg: 78.2154, aux_0.loss_seg: 0.2150, aux_0.acc_seg: 75.6724, aux_1.loss_seg: 0.1651, aux_1.acc_seg: 79.5973, aux_2.loss_seg: 0.1644, aux_2.acc_seg: 79.6286, aux_3.loss_seg: 0.1642, aux_3.acc_seg: 79.5958, loss: 1.1865
2021-07-29 22:54:42,705 - mmseg - INFO - Iter [2400/160000]	lr: 9.866e-03, eta: 1 day, 4:06:26, time: 0.632, data_time: 0.004, memory: 20604, decode.loss_seg: 0.4494, decode.acc_seg: 76.7656, aux_0.loss_seg: 0.2110, aux_0.acc_seg: 74.0249, aux_1.loss_seg: 0.1551, aux_1.acc_seg: 77.8934, aux_2.loss_seg: 0.1546, aux_2.acc_seg: 77.9929, aux_3.loss_seg: 0.1554, aux_3.acc_seg: 77.9732, loss: 1.1254
2021-07-29 22:55:14,262 - mmseg - INFO - Iter [2450/160000]	lr: 9.864e-03, eta: 1 day, 4:05:19, time: 0.631, data_time: 0.004, memory: 20604, decode.loss_seg: 0.3663, decode.acc_seg: 80.6409, aux_0.loss_seg: 0.1746, aux_0.acc_seg: 78.3728, aux_1.loss_seg: 0.1282, aux_1.acc_seg: 81.7146, aux_2.loss_seg: 0.1276, aux_2.acc_seg: 81.7574, aux_3.loss_seg: 0.1282, aux_3.acc_seg: 81.7358, loss: 0.9248
2021-07-29 22:55:45,886 - mmseg - INFO - Iter [2500/160000]	lr: 9.861e-03, eta: 1 day, 4:04:17, time: 0.632, data_time: 0.004, memory: 20604, decode.loss_seg: 0.3881, decode.acc_seg: 77.5226, aux_0.loss_seg: 0.1820, aux_0.acc_seg: 75.2436, aux_1.loss_seg: 0.1349, aux_1.acc_seg: 78.5161, aux_2.loss_seg: 0.1329, aux_2.acc_seg: 78.7020, aux_3.loss_seg: 0.1331, aux_3.acc_seg: 78.7446, loss: 0.9710
2021-07-29 22:56:17,538 - mmseg - INFO - Iter [2550/160000]	lr: 9.858e-03, eta: 1 day, 4:03:19, time: 0.633, data_time: 0.005, memory: 20604, decode.loss_seg: 0.3865, decode.acc_seg: 77.8116, aux_0.loss_seg: 0.1784, aux_0.acc_seg: 75.8109, aux_1.loss_seg: 0.1325, aux_1.acc_seg: 78.9693, aux_2.loss_seg: 0.1306, aux_2.acc_seg: 79.0723, aux_3.loss_seg: 0.1300, aux_3.acc_seg: 79.0931, loss: 0.9579
2021-07-29 22:56:49,153 - mmseg - INFO - Iter [2600/160000]	lr: 9.855e-03, eta: 1 day, 4:02:19, time: 0.632, data_time: 0.004, memory: 20604, decode.loss_seg: 0.3424, decode.acc_seg: 79.6839, aux_0.loss_seg: 0.1564, aux_0.acc_seg: 77.9476, aux_1.loss_seg: 0.1243, aux_1.acc_seg: 80.4125, aux_2.loss_seg: 0.1213, aux_2.acc_seg: 80.5447, aux_3.loss_seg: 0.1215, aux_3.acc_seg: 80.5480, loss: 0.8659
2021-07-29 22:57:20,862 - mmseg - INFO - Iter [2650/160000]	lr: 9.852e-03, eta: 1 day, 4:01:25, time: 0.634, data_time: 0.004, memory: 20604, decode.loss_seg: 0.3555, decode.acc_seg: 80.4667, aux_0.loss_seg: 0.1762, aux_0.acc_seg: 77.5133, aux_1.loss_seg: 0.1233, aux_1.acc_seg: 81.3812, aux_2.loss_seg: 0.1209, aux_2.acc_seg: 81.4872, aux_3.loss_seg: 0.1204, aux_3.acc_seg: 81.5935, loss: 0.8963
2021-07-29 22:57:52,534 - mmseg - INFO - Iter [2700/160000]	lr: 9.850e-03, eta: 1 day, 4:00:31, time: 0.634, data_time: 0.004, memory: 20604, decode.loss_seg: 0.3193, decode.acc_seg: 80.3146, aux_0.loss_seg: 0.1494, aux_0.acc_seg: 78.3896, aux_1.loss_seg: 0.1101, aux_1.acc_seg: 81.2665, aux_2.loss_seg: 0.1096, aux_2.acc_seg: 81.2515, aux_3.loss_seg: 0.1103, aux_3.acc_seg: 81.2673, loss: 0.7986
2021-07-29 22:58:24,165 - mmseg - INFO - Iter [2750/160000]	lr: 9.847e-03, eta: 1 day, 3:59:35, time: 0.633, data_time: 0.004, memory: 20604, decode.loss_seg: 0.4071, decode.acc_seg: 77.3607, aux_0.loss_seg: 0.1921, aux_0.acc_seg: 75.2880, aux_1.loss_seg: 0.1381, aux_1.acc_seg: 78.6142, aux_2.loss_seg: 0.1358, aux_2.acc_seg: 78.7665, aux_3.loss_seg: 0.1366, aux_3.acc_seg: 78.7375, loss: 1.0098
2021-07-29 22:58:55,822 - mmseg - INFO - Iter [2800/160000]	lr: 9.844e-03, eta: 1 day, 3:58:41, time: 0.633, data_time: 0.005, memory: 20604, decode.loss_seg: 0.4809, decode.acc_seg: 76.6672, aux_0.loss_seg: 0.2028, aux_0.acc_seg: 75.4807, aux_1.loss_seg: 0.1611, aux_1.acc_seg: 78.0298, aux_2.loss_seg: 0.1615, aux_2.acc_seg: 78.1380, aux_3.loss_seg: 0.1607, aux_3.acc_seg: 78.1541, loss: 1.1670
2021-07-29 22:59:27,417 - mmseg - INFO - Iter [2850/160000]	lr: 9.841e-03, eta: 1 day, 3:57:45, time: 0.632, data_time: 0.004, memory: 20604, decode.loss_seg: 0.3590, decode.acc_seg: 80.1152, aux_0.loss_seg: 0.1697, aux_0.acc_seg: 77.4550, aux_1.loss_seg: 0.1206, aux_1.acc_seg: 81.3794, aux_2.loss_seg: 0.1197, aux_2.acc_seg: 81.3569, aux_3.loss_seg: 0.1195, aux_3.acc_seg: 81.4306, loss: 0.8885
2021-07-29 22:59:59,083 - mmseg - INFO - Iter [2900/160000]	lr: 9.838e-03, eta: 1 day, 3:56:53, time: 0.633, data_time: 0.004, memory: 20604, decode.loss_seg: 0.3605, decode.acc_seg: 79.8554, aux_0.loss_seg: 0.1683, aux_0.acc_seg: 77.7267, aux_1.loss_seg: 0.1211, aux_1.acc_seg: 81.1758, aux_2.loss_seg: 0.1210, aux_2.acc_seg: 81.2690, aux_3.loss_seg: 0.1213, aux_3.acc_seg: 81.1948, loss: 0.8922
2021-07-29 23:00:30,706 - mmseg - INFO - Iter [2950/160000]	lr: 9.836e-03, eta: 1 day, 3:55:59, time: 0.632, data_time: 0.005, memory: 20604, decode.loss_seg: 0.3291, decode.acc_seg: 80.8172, aux_0.loss_seg: 0.1547, aux_0.acc_seg: 78.8825, aux_1.loss_seg: 0.1169, aux_1.acc_seg: 81.6435, aux_2.loss_seg: 0.1146, aux_2.acc_seg: 81.8118, aux_3.loss_seg: 0.1149, aux_3.acc_seg: 81.8456, loss: 0.8302
2021-07-29 23:01:08,198 - mmseg - INFO - Exp name: SETR_PUP_DeiT_convfuse_la_768x768_160k_cityscapes_bs_4.py
2021-07-29 23:01:08,198 - mmseg - INFO - Iter [3000/160000]	lr: 9.833e-03, eta: 1 day, 4:00:14, time: 0.750, data_time: 0.123, memory: 20604, decode.loss_seg: 0.3878, decode.acc_seg: 78.9489, aux_0.loss_seg: 0.1758, aux_0.acc_seg: 77.5536, aux_1.loss_seg: 0.1307, aux_1.acc_seg: 80.4327, aux_2.loss_seg: 0.1289, aux_2.acc_seg: 80.5213, aux_3.loss_seg: 0.1293, aux_3.acc_seg: 80.4952, loss: 0.9524
2021-07-29 23:01:39,921 - mmseg - INFO - Iter [3050/160000]	lr: 9.830e-03, eta: 1 day, 3:59:22, time: 0.635, data_time: 0.005, memory: 20604, decode.loss_seg: 0.3910, decode.acc_seg: 78.9214, aux_0.loss_seg: 0.1830, aux_0.acc_seg: 76.8653, aux_1.loss_seg: 0.1369, aux_1.acc_seg: 79.8694, aux_2.loss_seg: 0.1339, aux_2.acc_seg: 80.0157, aux_3.loss_seg: 0.1337, aux_3.acc_seg: 79.9976, loss: 0.9786
2021-07-29 23:02:11,597 - mmseg - INFO - Iter [3100/160000]	lr: 9.827e-03, eta: 1 day, 3:58:29, time: 0.634, data_time: 0.004, memory: 20604, decode.loss_seg: 0.4215, decode.acc_seg: 78.7439, aux_0.loss_seg: 0.1830, aux_0.acc_seg: 77.0980, aux_1.loss_seg: 0.1507, aux_1.acc_seg: 79.7058, aux_2.loss_seg: 0.1485, aux_2.acc_seg: 79.7428, aux_3.loss_seg: 0.1484, aux_3.acc_seg: 79.8592, loss: 1.0521
2021-07-29 23:02:43,285 - mmseg - INFO - Iter [3150/160000]	lr: 9.824e-03, eta: 1 day, 3:57:37, time: 0.634, data_time: 0.004, memory: 20604, decode.loss_seg: 0.4085, decode.acc_seg: 79.2851, aux_0.loss_seg: 0.1907, aux_0.acc_seg: 76.7655, aux_1.loss_seg: 0.1470, aux_1.acc_seg: 79.7431, aux_2.loss_seg: 0.1435, aux_2.acc_seg: 80.0762, aux_3.loss_seg: 0.1442, aux_3.acc_seg: 80.1471, loss: 1.0338
2021-07-29 23:03:15,001 - mmseg - INFO - Iter [3200/160000]	lr: 9.822e-03, eta: 1 day, 3:56:46, time: 0.634, data_time: 0.004, memory: 20604, decode.loss_seg: 0.4195, decode.acc_seg: 79.7830, aux_0.loss_seg: 0.1974, aux_0.acc_seg: 77.2802, aux_1.loss_seg: 0.1472, aux_1.acc_seg: 80.8566, aux_2.loss_seg: 0.1443, aux_2.acc_seg: 81.1325, aux_3.loss_seg: 0.1444, aux_3.acc_seg: 81.1070, loss: 1.0529
2021-07-29 23:03:46,773 - mmseg - INFO - Iter [3250/160000]	lr: 9.819e-03, eta: 1 day, 3:55:59, time: 0.635, data_time: 0.004, memory: 20604, decode.loss_seg: 0.3297, decode.acc_seg: 80.4519, aux_0.loss_seg: 0.1528, aux_0.acc_seg: 78.6315, aux_1.loss_seg: 0.1155, aux_1.acc_seg: 81.1116, aux_2.loss_seg: 0.1143, aux_2.acc_seg: 81.2001, aux_3.loss_seg: 0.1148, aux_3.acc_seg: 81.1561, loss: 0.8271
2021-07-29 23:04:18,602 - mmseg - INFO - Iter [3300/160000]	lr: 9.816e-03, eta: 1 day, 3:55:15, time: 0.637, data_time: 0.004, memory: 20604, decode.loss_seg: 0.3127, decode.acc_seg: 80.5844, aux_0.loss_seg: 0.1474, aux_0.acc_seg: 78.8348, aux_1.loss_seg: 0.1093, aux_1.acc_seg: 81.4116, aux_2.loss_seg: 0.1067, aux_2.acc_seg: 81.5203, aux_3.loss_seg: 0.1070, aux_3.acc_seg: 81.5621, loss: 0.7831
2021-07-29 23:04:50,316 - mmseg - INFO - Iter [3350/160000]	lr: 9.813e-03, eta: 1 day, 3:54:27, time: 0.634, data_time: 0.004, memory: 20604, decode.loss_seg: 0.4331, decode.acc_seg: 77.7695, aux_0.loss_seg: 0.2027, aux_0.acc_seg: 75.0258, aux_1.loss_seg: 0.1476, aux_1.acc_seg: 78.8699, aux_2.loss_seg: 0.1460, aux_2.acc_seg: 79.1173, aux_3.loss_seg: 0.1460, aux_3.acc_seg: 79.1474, loss: 1.0754
2021-07-29 23:05:22,046 - mmseg - INFO - Iter [3400/160000]	lr: 9.811e-03, eta: 1 day, 3:53:38, time: 0.634, data_time: 0.005, memory: 20604, decode.loss_seg: 0.3490, decode.acc_seg: 79.2539, aux_0.loss_seg: 0.1684, aux_0.acc_seg: 76.7200, aux_1.loss_seg: 0.1172, aux_1.acc_seg: 80.6263, aux_2.loss_seg: 0.1149, aux_2.acc_seg: 80.8923, aux_3.loss_seg: 0.1155, aux_3.acc_seg: 80.7988, loss: 0.8650
2021-07-29 23:05:53,761 - mmseg - INFO - Iter [3450/160000]	lr: 9.808e-03, eta: 1 day, 3:52:51, time: 0.635, data_time: 0.004, memory: 20604, decode.loss_seg: 0.3436, decode.acc_seg: 79.4056, aux_0.loss_seg: 0.1608, aux_0.acc_seg: 77.3501, aux_1.loss_seg: 0.1203, aux_1.acc_seg: 80.1727, aux_2.loss_seg: 0.1190, aux_2.acc_seg: 80.2084, aux_3.loss_seg: 0.1197, aux_3.acc_seg: 80.2034, loss: 0.8635
2021-07-29 23:06:25,485 - mmseg - INFO - Iter [3500/160000]	lr: 9.805e-03, eta: 1 day, 3:52:04, time: 0.634, data_time: 0.004, memory: 20604, decode.loss_seg: 0.3132, decode.acc_seg: 81.3971, aux_0.loss_seg: 0.1509, aux_0.acc_seg: 79.3270, aux_1.loss_seg: 0.1135, aux_1.acc_seg: 82.0559, aux_2.loss_seg: 0.1101, aux_2.acc_seg: 82.2084, aux_3.loss_seg: 0.1106, aux_3.acc_seg: 82.1987, loss: 0.7982
2021-07-29 23:06:57,277 - mmseg - INFO - Iter [3550/160000]	lr: 9.802e-03, eta: 1 day, 3:51:21, time: 0.636, data_time: 0.004, memory: 20604, decode.loss_seg: 0.3397, decode.acc_seg: 80.8691, aux_0.loss_seg: 0.1548, aux_0.acc_seg: 79.6060, aux_1.loss_seg: 0.1202, aux_1.acc_seg: 81.6722, aux_2.loss_seg: 0.1168, aux_2.acc_seg: 81.7133, aux_3.loss_seg: 0.1174, aux_3.acc_seg: 81.7560, loss: 0.8488
2021-07-29 23:07:29,041 - mmseg - INFO - Iter [3600/160000]	lr: 9.799e-03, eta: 1 day, 3:50:36, time: 0.635, data_time: 0.005, memory: 20604, decode.loss_seg: 0.3728, decode.acc_seg: 80.7806, aux_0.loss_seg: 0.1668, aux_0.acc_seg: 79.1005, aux_1.loss_seg: 0.1292, aux_1.acc_seg: 81.9127, aux_2.loss_seg: 0.1276, aux_2.acc_seg: 81.9667, aux_3.loss_seg: 0.1278, aux_3.acc_seg: 81.9890, loss: 0.9241
2021-07-29 23:08:00,886 - mmseg - INFO - Iter [3650/160000]	lr: 9.797e-03, eta: 1 day, 3:49:55, time: 0.637, data_time: 0.004, memory: 20604, decode.loss_seg: 0.3216, decode.acc_seg: 81.6242, aux_0.loss_seg: 0.1535, aux_0.acc_seg: 79.6563, aux_1.loss_seg: 0.1131, aux_1.acc_seg: 82.5780, aux_2.loss_seg: 0.1120, aux_2.acc_seg: 82.7646, aux_3.loss_seg: 0.1121, aux_3.acc_seg: 82.7475, loss: 0.8124
2021-07-29 23:08:32,606 - mmseg - INFO - Iter [3700/160000]	lr: 9.794e-03, eta: 1 day, 3:49:09, time: 0.634, data_time: 0.005, memory: 20604, decode.loss_seg: 0.3378, decode.acc_seg: 78.7934, aux_0.loss_seg: 0.1659, aux_0.acc_seg: 76.4046, aux_1.loss_seg: 0.1200, aux_1.acc_seg: 79.5733, aux_2.loss_seg: 0.1184, aux_2.acc_seg: 79.6249, aux_3.loss_seg: 0.1191, aux_3.acc_seg: 79.6302, loss: 0.8613
2021-07-29 23:09:10,369 - mmseg - INFO - Iter [3750/160000]	lr: 9.791e-03, eta: 1 day, 3:52:36, time: 0.755, data_time: 0.126, memory: 20604, decode.loss_seg: 0.2981, decode.acc_seg: 79.4690, aux_0.loss_seg: 0.1372, aux_0.acc_seg: 78.2347, aux_1.loss_seg: 0.1073, aux_1.acc_seg: 80.3058, aux_2.loss_seg: 0.1050, aux_2.acc_seg: 80.4215, aux_3.loss_seg: 0.1052, aux_3.acc_seg: 80.3600, loss: 0.7528
2021-07-29 23:09:42,030 - mmseg - INFO - Iter [3800/160000]	lr: 9.788e-03, eta: 1 day, 3:51:45, time: 0.633, data_time: 0.004, memory: 20604, decode.loss_seg: 0.3253, decode.acc_seg: 81.7590, aux_0.loss_seg: 0.1565, aux_0.acc_seg: 79.9326, aux_1.loss_seg: 0.1178, aux_1.acc_seg: 82.3213, aux_2.loss_seg: 0.1147, aux_2.acc_seg: 82.5517, aux_3.loss_seg: 0.1144, aux_3.acc_seg: 82.5897, loss: 0.8287
2021-07-29 23:10:13,726 - mmseg - INFO - Iter [3850/160000]	lr: 9.785e-03, eta: 1 day, 3:50:56, time: 0.634, data_time: 0.004, memory: 20604, decode.loss_seg: 0.3619, decode.acc_seg: 78.7103, aux_0.loss_seg: 0.1653, aux_0.acc_seg: 76.6146, aux_1.loss_seg: 0.1297, aux_1.acc_seg: 79.5143, aux_2.loss_seg: 0.1265, aux_2.acc_seg: 79.8346, aux_3.loss_seg: 0.1266, aux_3.acc_seg: 79.8320, loss: 0.9100
2021-07-29 23:10:45,485 - mmseg - INFO - Iter [3900/160000]	lr: 9.783e-03, eta: 1 day, 3:50:11, time: 0.635, data_time: 0.004, memory: 20604, decode.loss_seg: 0.3066, decode.acc_seg: 81.2152, aux_0.loss_seg: 0.1454, aux_0.acc_seg: 79.2133, aux_1.loss_seg: 0.1076, aux_1.acc_seg: 81.8541, aux_2.loss_seg: 0.1057, aux_2.acc_seg: 82.0482, aux_3.loss_seg: 0.1063, aux_3.acc_seg: 82.0191, loss: 0.7717
2021-07-29 23:11:17,239 - mmseg - INFO - Iter [3950/160000]	lr: 9.780e-03, eta: 1 day, 3:49:25, time: 0.635, data_time: 0.004, memory: 20604, decode.loss_seg: 0.2714, decode.acc_seg: 81.9958, aux_0.loss_seg: 0.1337, aux_0.acc_seg: 80.1382, aux_1.loss_seg: 0.0956, aux_1.acc_seg: 82.7394, aux_2.loss_seg: 0.0926, aux_2.acc_seg: 82.9022, aux_3.loss_seg: 0.0927, aux_3.acc_seg: 82.9242, loss: 0.6861
2021-07-29 23:11:48,978 - mmseg - INFO - Exp name: SETR_PUP_DeiT_convfuse_la_768x768_160k_cityscapes_bs_4.py
2021-07-29 23:11:48,978 - mmseg - INFO - Iter [4000/160000]	lr: 9.777e-03, eta: 1 day, 3:48:39, time: 0.635, data_time: 0.004, memory: 20604, decode.loss_seg: 0.2670, decode.acc_seg: 83.1001, aux_0.loss_seg: 0.1253, aux_0.acc_seg: 81.4898, aux_1.loss_seg: 0.0944, aux_1.acc_seg: 83.8318, aux_2.loss_seg: 0.0941, aux_2.acc_seg: 83.7121, aux_3.loss_seg: 0.0939, aux_3.acc_seg: 83.7307, loss: 0.6746
2021-07-29 23:12:20,705 - mmseg - INFO - Iter [4050/160000]	lr: 9.774e-03, eta: 1 day, 3:47:53, time: 0.635, data_time: 0.004, memory: 20604, decode.loss_seg: 0.2695, decode.acc_seg: 83.5359, aux_0.loss_seg: 0.1287, aux_0.acc_seg: 81.6655, aux_1.loss_seg: 0.0965, aux_1.acc_seg: 83.8802, aux_2.loss_seg: 0.0939, aux_2.acc_seg: 84.1360, aux_3.loss_seg: 0.0941, aux_3.acc_seg: 84.1471, loss: 0.6826
2021-07-29 23:12:52,449 - mmseg - INFO - Iter [4100/160000]	lr: 9.771e-03, eta: 1 day, 3:47:08, time: 0.635, data_time: 0.004, memory: 20604, decode.loss_seg: 0.3140, decode.acc_seg: 79.0291, aux_0.loss_seg: 0.1497, aux_0.acc_seg: 77.1354, aux_1.loss_seg: 0.1127, aux_1.acc_seg: 79.5803, aux_2.loss_seg: 0.1095, aux_2.acc_seg: 79.7623, aux_3.loss_seg: 0.1096, aux_3.acc_seg: 79.8020, loss: 0.7954
2021-07-29 23:13:24,221 - mmseg - INFO - Iter [4150/160000]	lr: 9.769e-03, eta: 1 day, 3:46:24, time: 0.635, data_time: 0.004, memory: 20604, decode.loss_seg: 0.3524, decode.acc_seg: 80.5058, aux_0.loss_seg: 0.1617, aux_0.acc_seg: 78.7496, aux_1.loss_seg: 0.1256, aux_1.acc_seg: 80.9180, aux_2.loss_seg: 0.1229, aux_2.acc_seg: 81.1842, aux_3.loss_seg: 0.1236, aux_3.acc_seg: 81.1847, loss: 0.8862
2021-07-29 23:13:56,060 - mmseg - INFO - Iter [4200/160000]	lr: 9.766e-03, eta: 1 day, 3:45:43, time: 0.637, data_time: 0.004, memory: 20604, decode.loss_seg: 0.3159, decode.acc_seg: 80.9377, aux_0.loss_seg: 0.1511, aux_0.acc_seg: 79.0884, aux_1.loss_seg: 0.1119, aux_1.acc_seg: 81.7647, aux_2.loss_seg: 0.1095, aux_2.acc_seg: 81.9539, aux_3.loss_seg: 0.1101, aux_3.acc_seg: 81.9587, loss: 0.7985
2021-07-29 23:14:27,788 - mmseg - INFO - Iter [4250/160000]	lr: 9.763e-03, eta: 1 day, 3:44:59, time: 0.635, data_time: 0.004, memory: 20604, decode.loss_seg: 0.3042, decode.acc_seg: 81.9066, aux_0.loss_seg: 0.1463, aux_0.acc_seg: 80.0122, aux_1.loss_seg: 0.1074, aux_1.acc_seg: 82.9780, aux_2.loss_seg: 0.1039, aux_2.acc_seg: 83.1809, aux_3.loss_seg: 0.1039, aux_3.acc_seg: 83.1855, loss: 0.7657
2021-07-29 23:14:59,436 - mmseg - INFO - Iter [4300/160000]	lr: 9.760e-03, eta: 1 day, 3:44:11, time: 0.633, data_time: 0.004, memory: 20604, decode.loss_seg: 0.3211, decode.acc_seg: 79.3542, aux_0.loss_seg: 0.1404, aux_0.acc_seg: 77.5386, aux_1.loss_seg: 0.1090, aux_1.acc_seg: 80.1303, aux_2.loss_seg: 0.1076, aux_2.acc_seg: 80.4154, aux_3.loss_seg: 0.1082, aux_3.acc_seg: 80.3222, loss: 0.7863
2021-07-29 23:15:31,269 - mmseg - INFO - Iter [4350/160000]	lr: 9.757e-03, eta: 1 day, 3:43:31, time: 0.637, data_time: 0.004, memory: 20604, decode.loss_seg: 0.2857, decode.acc_seg: 81.9075, aux_0.loss_seg: 0.1355, aux_0.acc_seg: 80.1676, aux_1.loss_seg: 0.0999, aux_1.acc_seg: 82.6843, aux_2.loss_seg: 0.0980, aux_2.acc_seg: 82.8546, aux_3.loss_seg: 0.0979, aux_3.acc_seg: 82.8561, loss: 0.7169
2021-07-29 23:16:03,050 - mmseg - INFO - Iter [4400/160000]	lr: 9.755e-03, eta: 1 day, 3:42:49, time: 0.635, data_time: 0.004, memory: 20604, decode.loss_seg: 0.3038, decode.acc_seg: 80.1623, aux_0.loss_seg: 0.1381, aux_0.acc_seg: 78.5503, aux_1.loss_seg: 0.1081, aux_1.acc_seg: 80.9006, aux_2.loss_seg: 0.1057, aux_2.acc_seg: 81.0289, aux_3.loss_seg: 0.1064, aux_3.acc_seg: 80.9955, loss: 0.7621
2021-07-29 23:16:34,861 - mmseg - INFO - Iter [4450/160000]	lr: 9.752e-03, eta: 1 day, 3:42:08, time: 0.636, data_time: 0.005, memory: 20604, decode.loss_seg: 0.2678, decode.acc_seg: 80.4030, aux_0.loss_seg: 0.1302, aux_0.acc_seg: 78.6736, aux_1.loss_seg: 0.0948, aux_1.acc_seg: 80.9224, aux_2.loss_seg: 0.0926, aux_2.acc_seg: 81.1019, aux_3.loss_seg: 0.0926, aux_3.acc_seg: 81.0914, loss: 0.6780
2021-07-29 23:17:12,518 - mmseg - INFO - Iter [4500/160000]	lr: 9.749e-03, eta: 1 day, 3:44:49, time: 0.753, data_time: 0.123, memory: 20604, decode.loss_seg: 0.2812, decode.acc_seg: 81.2616, aux_0.loss_seg: 0.1284, aux_0.acc_seg: 79.7217, aux_1.loss_seg: 0.0995, aux_1.acc_seg: 82.0244, aux_2.loss_seg: 0.0968, aux_2.acc_seg: 82.2826, aux_3.loss_seg: 0.0969, aux_3.acc_seg: 82.2788, loss: 0.7028
2021-07-29 23:17:44,215 - mmseg - INFO - Iter [4550/160000]	lr: 9.746e-03, eta: 1 day, 3:44:03, time: 0.634, data_time: 0.004, memory: 20604, decode.loss_seg: 0.2839, decode.acc_seg: 81.7525, aux_0.loss_seg: 0.1389, aux_0.acc_seg: 79.7758, aux_1.loss_seg: 0.0977, aux_1.acc_seg: 82.6550, aux_2.loss_seg: 0.0962, aux_2.acc_seg: 82.8285, aux_3.loss_seg: 0.0961, aux_3.acc_seg: 82.7856, loss: 0.7128
2021-07-29 23:18:15,933 - mmseg - INFO - Iter [4600/160000]	lr: 9.744e-03, eta: 1 day, 3:43:17, time: 0.635, data_time: 0.004, memory: 20604, decode.loss_seg: 0.2744, decode.acc_seg: 81.4702, aux_0.loss_seg: 0.1376, aux_0.acc_seg: 79.1711, aux_1.loss_seg: 0.0993, aux_1.acc_seg: 81.9719, aux_2.loss_seg: 0.0970, aux_2.acc_seg: 82.1806, aux_3.loss_seg: 0.0967, aux_3.acc_seg: 82.2083, loss: 0.7050
2021-07-29 23:18:47,736 - mmseg - INFO - Iter [4650/160000]	lr: 9.741e-03, eta: 1 day, 3:42:35, time: 0.636, data_time: 0.004, memory: 20604, decode.loss_seg: 0.2982, decode.acc_seg: 81.6774, aux_0.loss_seg: 0.1543, aux_0.acc_seg: 78.7856, aux_1.loss_seg: 0.1052, aux_1.acc_seg: 82.4976, aux_2.loss_seg: 0.1020, aux_2.acc_seg: 82.7723, aux_3.loss_seg: 0.1026, aux_3.acc_seg: 82.8115, loss: 0.7623
2021-07-29 23:19:19,493 - mmseg - INFO - Iter [4700/160000]	lr: 9.738e-03, eta: 1 day, 3:41:51, time: 0.635, data_time: 0.004, memory: 20604, decode.loss_seg: 0.2936, decode.acc_seg: 81.3385, aux_0.loss_seg: 0.1402, aux_0.acc_seg: 79.7544, aux_1.loss_seg: 0.1063, aux_1.acc_seg: 81.7972, aux_2.loss_seg: 0.1028, aux_2.acc_seg: 82.1834, aux_3.loss_seg: 0.1027, aux_3.acc_seg: 82.1557, loss: 0.7456
2021-07-29 23:19:51,241 - mmseg - INFO - Iter [4750/160000]	lr: 9.735e-03, eta: 1 day, 3:41:08, time: 0.635, data_time: 0.004, memory: 20604, decode.loss_seg: 0.2693, decode.acc_seg: 82.3464, aux_0.loss_seg: 0.1380, aux_0.acc_seg: 79.5110, aux_1.loss_seg: 0.0982, aux_1.acc_seg: 82.5442, aux_2.loss_seg: 0.0958, aux_2.acc_seg: 82.8462, aux_3.loss_seg: 0.0960, aux_3.acc_seg: 82.8256, loss: 0.6973
2021-07-29 23:20:23,009 - mmseg - INFO - Iter [4800/160000]	lr: 9.732e-03, eta: 1 day, 3:40:25, time: 0.635, data_time: 0.004, memory: 20604, decode.loss_seg: 0.3286, decode.acc_seg: 80.0100, aux_0.loss_seg: 0.1499, aux_0.acc_seg: 78.2725, aux_1.loss_seg: 0.1119, aux_1.acc_seg: 81.2013, aux_2.loss_seg: 0.1084, aux_2.acc_seg: 81.5210, aux_3.loss_seg: 0.1091, aux_3.acc_seg: 81.4368, loss: 0.8078
2021-07-29 23:20:54,794 - mmseg - INFO - Iter [4850/160000]	lr: 9.730e-03, eta: 1 day, 3:39:42, time: 0.635, data_time: 0.004, memory: 20604, decode.loss_seg: 0.2535, decode.acc_seg: 82.3970, aux_0.loss_seg: 0.1286, aux_0.acc_seg: 79.8814, aux_1.loss_seg: 0.0887, aux_1.acc_seg: 83.0055, aux_2.loss_seg: 0.0867, aux_2.acc_seg: 83.0979, aux_3.loss_seg: 0.0866, aux_3.acc_seg: 83.1021, loss: 0.6442
2021-07-29 23:21:26,589 - mmseg - INFO - Iter [4900/160000]	lr: 9.727e-03, eta: 1 day, 3:39:01, time: 0.636, data_time: 0.005, memory: 20604, decode.loss_seg: 0.2898, decode.acc_seg: 81.2343, aux_0.loss_seg: 0.1486, aux_0.acc_seg: 78.6849, aux_1.loss_seg: 0.1045, aux_1.acc_seg: 81.8079, aux_2.loss_seg: 0.1006, aux_2.acc_seg: 82.1790, aux_3.loss_seg: 0.1007, aux_3.acc_seg: 82.1419, loss: 0.7443
2021-07-29 23:21:58,417 - mmseg - INFO - Iter [4950/160000]	lr: 9.724e-03, eta: 1 day, 3:38:21, time: 0.637, data_time: 0.005, memory: 20604, decode.loss_seg: 0.2998, decode.acc_seg: 80.6750, aux_0.loss_seg: 0.1554, aux_0.acc_seg: 77.8830, aux_1.loss_seg: 0.1103, aux_1.acc_seg: 81.1595, aux_2.loss_seg: 0.1064, aux_2.acc_seg: 81.5697, aux_3.loss_seg: 0.1058, aux_3.acc_seg: 81.5642, loss: 0.7776
2021-07-29 23:22:30,249 - mmseg - INFO - Exp name: SETR_PUP_DeiT_convfuse_la_768x768_160k_cityscapes_bs_4.py
2021-07-29 23:22:30,249 - mmseg - INFO - Iter [5000/160000]	lr: 9.721e-03, eta: 1 day, 3:37:41, time: 0.637, data_time: 0.005, memory: 20604, decode.loss_seg: 0.3009, decode.acc_seg: 82.3664, aux_0.loss_seg: 0.1439, aux_0.acc_seg: 80.5823, aux_1.loss_seg: 0.1051, aux_1.acc_seg: 83.1228, aux_2.loss_seg: 0.1030, aux_2.acc_seg: 83.4671, aux_3.loss_seg: 0.1034, aux_3.acc_seg: 83.4256, loss: 0.7563
2021-07-29 23:23:02,025 - mmseg - INFO - Iter [5050/160000]	lr: 9.718e-03, eta: 1 day, 3:36:59, time: 0.635, data_time: 0.004, memory: 20604, decode.loss_seg: 0.2968, decode.acc_seg: 82.3665, aux_0.loss_seg: 0.1524, aux_0.acc_seg: 79.7142, aux_1.loss_seg: 0.1083, aux_1.acc_seg: 82.7688, aux_2.loss_seg: 0.1063, aux_2.acc_seg: 83.0499, aux_3.loss_seg: 0.1065, aux_3.acc_seg: 83.1070, loss: 0.7703
2021-07-29 23:23:33,849 - mmseg - INFO - Iter [5100/160000]	lr: 9.716e-03, eta: 1 day, 3:36:19, time: 0.636, data_time: 0.004, memory: 20604, decode.loss_seg: 0.2440, decode.acc_seg: 83.2456, aux_0.loss_seg: 0.1235, aux_0.acc_seg: 81.4687, aux_1.loss_seg: 0.0900, aux_1.acc_seg: 83.6405, aux_2.loss_seg: 0.0864, aux_2.acc_seg: 83.9372, aux_3.loss_seg: 0.0863, aux_3.acc_seg: 83.8806, loss: 0.6302
2021-07-29 23:24:05,687 - mmseg - INFO - Iter [5150/160000]	lr: 9.713e-03, eta: 1 day, 3:35:40, time: 0.637, data_time: 0.004, memory: 20604, decode.loss_seg: 0.2610, decode.acc_seg: 82.4285, aux_0.loss_seg: 0.1281, aux_0.acc_seg: 80.6316, aux_1.loss_seg: 0.0936, aux_1.acc_seg: 82.8424, aux_2.loss_seg: 0.0912, aux_2.acc_seg: 83.1335, aux_3.loss_seg: 0.0910, aux_3.acc_seg: 83.1426, loss: 0.6648
2021-07-29 23:24:37,509 - mmseg - INFO - Iter [5200/160000]	lr: 9.710e-03, eta: 1 day, 3:35:01, time: 0.637, data_time: 0.005, memory: 20604, decode.loss_seg: 0.2819, decode.acc_seg: 83.2606, aux_0.loss_seg: 0.1509, aux_0.acc_seg: 80.1446, aux_1.loss_seg: 0.1015, aux_1.acc_seg: 83.6598, aux_2.loss_seg: 0.0971, aux_2.acc_seg: 84.0482, aux_3.loss_seg: 0.0971, aux_3.acc_seg: 84.0647, loss: 0.7286
2021-07-29 23:25:15,111 - mmseg - INFO - Iter [5250/160000]	lr: 9.707e-03, eta: 1 day, 3:37:11, time: 0.752, data_time: 0.124, memory: 20604, decode.loss_seg: 0.2847, decode.acc_seg: 81.1620, aux_0.loss_seg: 0.1332, aux_0.acc_seg: 79.3672, aux_1.loss_seg: 0.0991, aux_1.acc_seg: 82.0463, aux_2.loss_seg: 0.0966, aux_2.acc_seg: 82.1400, aux_3.loss_seg: 0.0970, aux_3.acc_seg: 82.1325, loss: 0.7106
2021-07-29 23:25:46,809 - mmseg - INFO - Iter [5300/160000]	lr: 9.704e-03, eta: 1 day, 3:36:27, time: 0.634, data_time: 0.004, memory: 20604, decode.loss_seg: 0.2658, decode.acc_seg: 82.0927, aux_0.loss_seg: 0.1347, aux_0.acc_seg: 80.0010, aux_1.loss_seg: 0.0951, aux_1.acc_seg: 82.5529, aux_2.loss_seg: 0.0921, aux_2.acc_seg: 82.8932, aux_3.loss_seg: 0.0921, aux_3.acc_seg: 82.8612, loss: 0.6799
2021-07-29 23:26:18,581 - mmseg - INFO - Iter [5350/160000]	lr: 9.702e-03, eta: 1 day, 3:35:44, time: 0.635, data_time: 0.004, memory: 20604, decode.loss_seg: 0.2921, decode.acc_seg: 80.3534, aux_0.loss_seg: 0.1387, aux_0.acc_seg: 78.4890, aux_1.loss_seg: 0.1058, aux_1.acc_seg: 81.2159, aux_2.loss_seg: 0.1023, aux_2.acc_seg: 81.4066, aux_3.loss_seg: 0.1027, aux_3.acc_seg: 81.4072, loss: 0.7415
2021-07-29 23:26:50,277 - mmseg - INFO - Iter [5400/160000]	lr: 9.699e-03, eta: 1 day, 3:35:00, time: 0.634, data_time: 0.004, memory: 20604, decode.loss_seg: 0.2674, decode.acc_seg: 82.1645, aux_0.loss_seg: 0.1344, aux_0.acc_seg: 79.8722, aux_1.loss_seg: 0.0966, aux_1.acc_seg: 82.7749, aux_2.loss_seg: 0.0947, aux_2.acc_seg: 82.9083, aux_3.loss_seg: 0.0948, aux_3.acc_seg: 82.8883, loss: 0.6878
2021-07-29 23:27:22,001 - mmseg - INFO - Iter [5450/160000]	lr: 9.696e-03, eta: 1 day, 3:34:17, time: 0.634, data_time: 0.004, memory: 20604, decode.loss_seg: 0.2831, decode.acc_seg: 80.3148, aux_0.loss_seg: 0.1420, aux_0.acc_seg: 78.1676, aux_1.loss_seg: 0.0987, aux_1.acc_seg: 81.1694, aux_2.loss_seg: 0.0955, aux_2.acc_seg: 81.3645, aux_3.loss_seg: 0.0958, aux_3.acc_seg: 81.2862, loss: 0.7150
2021-07-29 23:27:53,793 - mmseg - INFO - Iter [5500/160000]	lr: 9.693e-03, eta: 1 day, 3:33:36, time: 0.636, data_time: 0.004, memory: 20604, decode.loss_seg: 0.2752, decode.acc_seg: 81.9414, aux_0.loss_seg: 0.1291, aux_0.acc_seg: 80.1917, aux_1.loss_seg: 0.0993, aux_1.acc_seg: 82.4593, aux_2.loss_seg: 0.0956, aux_2.acc_seg: 82.6944, aux_3.loss_seg: 0.0957, aux_3.acc_seg: 82.7067, loss: 0.6949
2021-07-29 23:28:25,569 - mmseg - INFO - Iter [5550/160000]	lr: 9.690e-03, eta: 1 day, 3:32:54, time: 0.636, data_time: 0.005, memory: 20604, decode.loss_seg: 0.2906, decode.acc_seg: 81.7023, aux_0.loss_seg: 0.1462, aux_0.acc_seg: 79.3495, aux_1.loss_seg: 0.1070, aux_1.acc_seg: 82.2005, aux_2.loss_seg: 0.1035, aux_2.acc_seg: 82.3569, aux_3.loss_seg: 0.1039, aux_3.acc_seg: 82.3471, loss: 0.7513
2021-07-29 23:28:57,296 - mmseg - INFO - Iter [5600/160000]	lr: 9.688e-03, eta: 1 day, 3:32:12, time: 0.635, data_time: 0.004, memory: 20604, decode.loss_seg: 0.2827, decode.acc_seg: 82.3040, aux_0.loss_seg: 0.1437, aux_0.acc_seg: 79.6370, aux_1.loss_seg: 0.1022, aux_1.acc_seg: 82.7388, aux_2.loss_seg: 0.0981, aux_2.acc_seg: 83.1234, aux_3.loss_seg: 0.0983, aux_3.acc_seg: 83.1077, loss: 0.7250
2021-07-29 23:29:29,077 - mmseg - INFO - Iter [5650/160000]	lr: 9.685e-03, eta: 1 day, 3:31:31, time: 0.636, data_time: 0.004, memory: 20604, decode.loss_seg: 0.2836, decode.acc_seg: 82.8093, aux_0.loss_seg: 0.1353, aux_0.acc_seg: 80.6943, aux_1.loss_seg: 0.1040, aux_1.acc_seg: 83.2278, aux_2.loss_seg: 0.1011, aux_2.acc_seg: 83.4551, aux_3.loss_seg: 0.1007, aux_3.acc_seg: 83.4979, loss: 0.7247
2021-07-29 23:30:00,857 - mmseg - INFO - Iter [5700/160000]	lr: 9.682e-03, eta: 1 day, 3:30:50, time: 0.636, data_time: 0.004, memory: 20604, decode.loss_seg: 0.2876, decode.acc_seg: 80.3397, aux_0.loss_seg: 0.1396, aux_0.acc_seg: 78.4262, aux_1.loss_seg: 0.1047, aux_1.acc_seg: 80.8350, aux_2.loss_seg: 0.1015, aux_2.acc_seg: 81.1108, aux_3.loss_seg: 0.1011, aux_3.acc_seg: 81.0894, loss: 0.7345
2021-07-29 23:30:32,608 - mmseg - INFO - Iter [5750/160000]	lr: 9.679e-03, eta: 1 day, 3:30:09, time: 0.635, data_time: 0.004, memory: 20604, decode.loss_seg: 0.2736, decode.acc_seg: 81.3428, aux_0.loss_seg: 0.1352, aux_0.acc_seg: 79.9603, aux_1.loss_seg: 0.0986, aux_1.acc_seg: 81.9404, aux_2.loss_seg: 0.0961, aux_2.acc_seg: 82.0509, aux_3.loss_seg: 0.0960, aux_3.acc_seg: 82.0762, loss: 0.6994
2021-07-29 23:31:04,375 - mmseg - INFO - Iter [5800/160000]	lr: 9.676e-03, eta: 1 day, 3:29:28, time: 0.636, data_time: 0.004, memory: 20604, decode.loss_seg: 0.2547, decode.acc_seg: 81.8188, aux_0.loss_seg: 0.1327, aux_0.acc_seg: 78.9836, aux_1.loss_seg: 0.0916, aux_1.acc_seg: 82.3745, aux_2.loss_seg: 0.0876, aux_2.acc_seg: 82.6405, aux_3.loss_seg: 0.0878, aux_3.acc_seg: 82.6918, loss: 0.6544
2021-07-29 23:31:36,155 - mmseg - INFO - Iter [5850/160000]	lr: 9.674e-03, eta: 1 day, 3:28:48, time: 0.635, data_time: 0.004, memory: 20604, decode.loss_seg: 0.2644, decode.acc_seg: 82.3529, aux_0.loss_seg: 0.1315, aux_0.acc_seg: 80.1351, aux_1.loss_seg: 0.0968, aux_1.acc_seg: 82.6716, aux_2.loss_seg: 0.0922, aux_2.acc_seg: 83.0391, aux_3.loss_seg: 0.0922, aux_3.acc_seg: 83.0907, loss: 0.6771
2021-07-29 23:32:07,945 - mmseg - INFO - Iter [5900/160000]	lr: 9.671e-03, eta: 1 day, 3:28:08, time: 0.636, data_time: 0.004, memory: 20604, decode.loss_seg: 0.3058, decode.acc_seg: 82.8948, aux_0.loss_seg: 0.1469, aux_0.acc_seg: 80.7795, aux_1.loss_seg: 0.1076, aux_1.acc_seg: 83.6445, aux_2.loss_seg: 0.1053, aux_2.acc_seg: 83.7779, aux_3.loss_seg: 0.1055, aux_3.acc_seg: 83.7495, loss: 0.7711
2021-07-29 23:32:39,639 - mmseg - INFO - Iter [5950/160000]	lr: 9.668e-03, eta: 1 day, 3:27:25, time: 0.634, data_time: 0.004, memory: 20604, decode.loss_seg: 0.2373, decode.acc_seg: 83.5960, aux_0.loss_seg: 0.1230, aux_0.acc_seg: 81.0083, aux_1.loss_seg: 0.0864, aux_1.acc_seg: 83.9104, aux_2.loss_seg: 0.0848, aux_2.acc_seg: 84.0134, aux_3.loss_seg: 0.0852, aux_3.acc_seg: 83.9807, loss: 0.6167
2021-07-29 23:33:17,360 - mmseg - INFO - Exp name: SETR_PUP_DeiT_convfuse_la_768x768_160k_cityscapes_bs_4.py
2021-07-29 23:33:17,360 - mmseg - INFO - Iter [6000/160000]	lr: 9.665e-03, eta: 1 day, 3:29:18, time: 0.755, data_time: 0.124, memory: 20604, decode.loss_seg: 0.2771, decode.acc_seg: 82.2841, aux_0.loss_seg: 0.1343, aux_0.acc_seg: 80.2470, aux_1.loss_seg: 0.1006, aux_1.acc_seg: 82.6859, aux_2.loss_seg: 0.0976, aux_2.acc_seg: 82.9662, aux_3.loss_seg: 0.0972, aux_3.acc_seg: 83.0204, loss: 0.7068
2021-07-29 23:33:49,161 - mmseg - INFO - Iter [6050/160000]	lr: 9.663e-03, eta: 1 day, 3:28:38, time: 0.636, data_time: 0.004, memory: 20604, decode.loss_seg: 0.2946, decode.acc_seg: 80.3906, aux_0.loss_seg: 0.1498, aux_0.acc_seg: 78.2134, aux_1.loss_seg: 0.1062, aux_1.acc_seg: 80.9407, aux_2.loss_seg: 0.1015, aux_2.acc_seg: 81.3915, aux_3.loss_seg: 0.1014, aux_3.acc_seg: 81.4007, loss: 0.7535
2021-07-29 23:34:20,869 - mmseg - INFO - Iter [6100/160000]	lr: 9.660e-03, eta: 1 day, 3:27:55, time: 0.634, data_time: 0.004, memory: 20604, decode.loss_seg: 0.2725, decode.acc_seg: 81.0980, aux_0.loss_seg: 0.1383, aux_0.acc_seg: 78.1427, aux_1.loss_seg: 0.0964, aux_1.acc_seg: 81.5620, aux_2.loss_seg: 0.0958, aux_2.acc_seg: 81.5231, aux_3.loss_seg: 0.0954, aux_3.acc_seg: 81.6101, loss: 0.6984
2021-07-29 23:34:52,646 - mmseg - INFO - Iter [6150/160000]	lr: 9.657e-03, eta: 1 day, 3:27:14, time: 0.635, data_time: 0.004, memory: 20604, decode.loss_seg: 0.2691, decode.acc_seg: 81.5956, aux_0.loss_seg: 0.1318, aux_0.acc_seg: 79.5499, aux_1.loss_seg: 0.0959, aux_1.acc_seg: 82.1793, aux_2.loss_seg: 0.0930, aux_2.acc_seg: 82.4257, aux_3.loss_seg: 0.0927, aux_3.acc_seg: 82.4681, loss: 0.6825
2021-07-29 23:35:24,434 - mmseg - INFO - Iter [6200/160000]	lr: 9.654e-03, eta: 1 day, 3:26:34, time: 0.636, data_time: 0.005, memory: 20604, decode.loss_seg: 0.2472, decode.acc_seg: 82.1745, aux_0.loss_seg: 0.1211, aux_0.acc_seg: 80.4654, aux_1.loss_seg: 0.0879, aux_1.acc_seg: 82.5923, aux_2.loss_seg: 0.0861, aux_2.acc_seg: 82.7126, aux_3.loss_seg: 0.0866, aux_3.acc_seg: 82.6809, loss: 0.6289
2021-07-29 23:35:56,218 - mmseg - INFO - Iter [6250/160000]	lr: 9.651e-03, eta: 1 day, 3:25:54, time: 0.636, data_time: 0.004, memory: 20604, decode.loss_seg: 0.2710, decode.acc_seg: 82.0004, aux_0.loss_seg: 0.1313, aux_0.acc_seg: 80.1214, aux_1.loss_seg: 0.0955, aux_1.acc_seg: 82.4253, aux_2.loss_seg: 0.0931, aux_2.acc_seg: 82.7272, aux_3.loss_seg: 0.0929, aux_3.acc_seg: 82.7801, loss: 0.6838
2021-07-29 23:36:28,071 - mmseg - INFO - Iter [6300/160000]	lr: 9.649e-03, eta: 1 day, 3:25:15, time: 0.637, data_time: 0.004, memory: 20604, decode.loss_seg: 0.2757, decode.acc_seg: 81.4415, aux_0.loss_seg: 0.1423, aux_0.acc_seg: 78.7518, aux_1.loss_seg: 0.0975, aux_1.acc_seg: 82.1987, aux_2.loss_seg: 0.0950, aux_2.acc_seg: 82.3040, aux_3.loss_seg: 0.0944, aux_3.acc_seg: 82.3427, loss: 0.7049
2021-07-29 23:36:59,845 - mmseg - INFO - Iter [6350/160000]	lr: 9.646e-03, eta: 1 day, 3:24:34, time: 0.635, data_time: 0.005, memory: 20604, decode.loss_seg: 0.3073, decode.acc_seg: 82.4185, aux_0.loss_seg: 0.1506, aux_0.acc_seg: 80.1190, aux_1.loss_seg: 0.1116, aux_1.acc_seg: 83.0793, aux_2.loss_seg: 0.1084, aux_2.acc_seg: 83.3228, aux_3.loss_seg: 0.1087, aux_3.acc_seg: 83.2940, loss: 0.7865
2021-07-29 23:37:31,677 - mmseg - INFO - Iter [6400/160000]	lr: 9.643e-03, eta: 1 day, 3:23:56, time: 0.637, data_time: 0.005, memory: 20604, decode.loss_seg: 0.2693, decode.acc_seg: 84.1261, aux_0.loss_seg: 0.1393, aux_0.acc_seg: 81.7543, aux_1.loss_seg: 0.1002, aux_1.acc_seg: 84.3730, aux_2.loss_seg: 0.0947, aux_2.acc_seg: 84.8551, aux_3.loss_seg: 0.0944, aux_3.acc_seg: 84.9007, loss: 0.6979
2021-07-29 23:38:03,461 - mmseg - INFO - Iter [6450/160000]	lr: 9.640e-03, eta: 1 day, 3:23:16, time: 0.636, data_time: 0.004, memory: 20604, decode.loss_seg: 0.2415, decode.acc_seg: 82.8991, aux_0.loss_seg: 0.1226, aux_0.acc_seg: 80.5379, aux_1.loss_seg: 0.0869, aux_1.acc_seg: 83.1149, aux_2.loss_seg: 0.0843, aux_2.acc_seg: 83.3224, aux_3.loss_seg: 0.0846, aux_3.acc_seg: 83.3308, loss: 0.6200
2021-07-29 23:38:35,241 - mmseg - INFO - Iter [6500/160000]	lr: 9.637e-03, eta: 1 day, 3:22:36, time: 0.635, data_time: 0.004, memory: 20604, decode.loss_seg: 0.2398, decode.acc_seg: 83.8075, aux_0.loss_seg: 0.1304, aux_0.acc_seg: 81.0852, aux_1.loss_seg: 0.0883, aux_1.acc_seg: 84.1877, aux_2.loss_seg: 0.0868, aux_2.acc_seg: 84.2764, aux_3.loss_seg: 0.0869, aux_3.acc_seg: 84.2637, loss: 0.6323
2021-07-29 23:39:07,017 - mmseg - INFO - Iter [6550/160000]	lr: 9.635e-03, eta: 1 day, 3:21:57, time: 0.636, data_time: 0.004, memory: 20604, decode.loss_seg: 0.2726, decode.acc_seg: 81.6613, aux_0.loss_seg: 0.1407, aux_0.acc_seg: 79.3030, aux_1.loss_seg: 0.0988, aux_1.acc_seg: 82.1794, aux_2.loss_seg: 0.0959, aux_2.acc_seg: 82.5438, aux_3.loss_seg: 0.0957, aux_3.acc_seg: 82.5262, loss: 0.7037
2021-07-29 23:39:38,793 - mmseg - INFO - Iter [6600/160000]	lr: 9.632e-03, eta: 1 day, 3:21:17, time: 0.636, data_time: 0.004, memory: 20604, decode.loss_seg: 0.2253, decode.acc_seg: 83.0412, aux_0.loss_seg: 0.1092, aux_0.acc_seg: 81.4594, aux_1.loss_seg: 0.0822, aux_1.acc_seg: 83.3241, aux_2.loss_seg: 0.0808, aux_2.acc_seg: 83.4692, aux_3.loss_seg: 0.0803, aux_3.acc_seg: 83.5022, loss: 0.5778
2021-07-29 23:40:10,491 - mmseg - INFO - Iter [6650/160000]	lr: 9.629e-03, eta: 1 day, 3:20:35, time: 0.634, data_time: 0.004, memory: 20604, decode.loss_seg: 0.2400, decode.acc_seg: 83.4949, aux_0.loss_seg: 0.1248, aux_0.acc_seg: 81.0548, aux_1.loss_seg: 0.0915, aux_1.acc_seg: 83.5538, aux_2.loss_seg: 0.0881, aux_2.acc_seg: 83.8450, aux_3.loss_seg: 0.0883, aux_3.acc_seg: 83.8524, loss: 0.6329
2021-07-29 23:40:48,294 - mmseg - INFO - Iter [6700/160000]	lr: 9.626e-03, eta: 1 day, 3:22:14, time: 0.756, data_time: 0.124, memory: 20604, decode.loss_seg: 0.2468, decode.acc_seg: 83.2769, aux_0.loss_seg: 0.1259, aux_0.acc_seg: 80.7638, aux_1.loss_seg: 0.0901, aux_1.acc_seg: 83.4869, aux_2.loss_seg: 0.0882, aux_2.acc_seg: 83.6990, aux_3.loss_seg: 0.0884, aux_3.acc_seg: 83.6670, loss: 0.6393
2021-07-29 23:41:19,937 - mmseg - INFO - Iter [6750/160000]	lr: 9.623e-03, eta: 1 day, 3:21:31, time: 0.633, data_time: 0.004, memory: 20604, decode.loss_seg: 0.2295, decode.acc_seg: 83.0699, aux_0.loss_seg: 0.1167, aux_0.acc_seg: 80.9819, aux_1.loss_seg: 0.0824, aux_1.acc_seg: 83.3648, aux_2.loss_seg: 0.0796, aux_2.acc_seg: 83.6674, aux_3.loss_seg: 0.0798, aux_3.acc_seg: 83.6789, loss: 0.5880
2021-07-29 23:41:51,661 - mmseg - INFO - Iter [6800/160000]	lr: 9.621e-03, eta: 1 day, 3:20:49, time: 0.634, data_time: 0.004, memory: 20604, decode.loss_seg: 0.2882, decode.acc_seg: 82.1214, aux_0.loss_seg: 0.1413, aux_0.acc_seg: 79.5306, aux_1.loss_seg: 0.1004, aux_1.acc_seg: 82.5465, aux_2.loss_seg: 0.0979, aux_2.acc_seg: 82.7541, aux_3.loss_seg: 0.0978, aux_3.acc_seg: 82.7293, loss: 0.7256
2021-07-29 23:42:23,433 - mmseg - INFO - Iter [6850/160000]	lr: 9.618e-03, eta: 1 day, 3:20:09, time: 0.635, data_time: 0.004, memory: 20604, decode.loss_seg: 0.2628, decode.acc_seg: 81.0552, aux_0.loss_seg: 0.1337, aux_0.acc_seg: 78.7595, aux_1.loss_seg: 0.0964, aux_1.acc_seg: 81.5092, aux_2.loss_seg: 0.0934, aux_2.acc_seg: 81.6597, aux_3.loss_seg: 0.0933, aux_3.acc_seg: 81.7308, loss: 0.6796
2021-07-29 23:42:55,190 - mmseg - INFO - Iter [6900/160000]	lr: 9.615e-03, eta: 1 day, 3:19:29, time: 0.635, data_time: 0.004, memory: 20604, decode.loss_seg: 0.2433, decode.acc_seg: 83.3377, aux_0.loss_seg: 0.1302, aux_0.acc_seg: 80.5956, aux_1.loss_seg: 0.0884, aux_1.acc_seg: 83.7195, aux_2.loss_seg: 0.0853, aux_2.acc_seg: 83.9290, aux_3.loss_seg: 0.0856, aux_3.acc_seg: 83.9501, loss: 0.6328
2021-07-29 23:43:26,857 - mmseg - INFO - Iter [6950/160000]	lr: 9.612e-03, eta: 1 day, 3:18:46, time: 0.633, data_time: 0.004, memory: 20604, decode.loss_seg: 0.2383, decode.acc_seg: 82.7747, aux_0.loss_seg: 0.1236, aux_0.acc_seg: 80.3397, aux_1.loss_seg: 0.0857, aux_1.acc_seg: 83.1010, aux_2.loss_seg: 0.0834, aux_2.acc_seg: 83.3219, aux_3.loss_seg: 0.0842, aux_3.acc_seg: 83.2971, loss: 0.6152
2021-07-29 23:43:58,557 - mmseg - INFO - Exp name: SETR_PUP_DeiT_convfuse_la_768x768_160k_cityscapes_bs_4.py
2021-07-29 23:43:58,557 - mmseg - INFO - Iter [7000/160000]	lr: 9.609e-03, eta: 1 day, 3:18:05, time: 0.634, data_time: 0.004, memory: 20604, decode.loss_seg: 0.2431, decode.acc_seg: 82.5724, aux_0.loss_seg: 0.1166, aux_0.acc_seg: 80.9455, aux_1.loss_seg: 0.0861, aux_1.acc_seg: 83.3133, aux_2.loss_seg: 0.0865, aux_2.acc_seg: 83.2614, aux_3.loss_seg: 0.0859, aux_3.acc_seg: 83.2864, loss: 0.6182
2021-07-29 23:44:30,257 - mmseg - INFO - Iter [7050/160000]	lr: 9.607e-03, eta: 1 day, 3:17:24, time: 0.634, data_time: 0.005, memory: 20604, decode.loss_seg: 0.2590, decode.acc_seg: 82.1856, aux_0.loss_seg: 0.1263, aux_0.acc_seg: 80.2049, aux_1.loss_seg: 0.0926, aux_1.acc_seg: 82.5927, aux_2.loss_seg: 0.0901, aux_2.acc_seg: 82.8520, aux_3.loss_seg: 0.0906, aux_3.acc_seg: 82.7347, loss: 0.6586
2021-07-29 23:45:01,917 - mmseg - INFO - Iter [7100/160000]	lr: 9.604e-03, eta: 1 day, 3:16:42, time: 0.633, data_time: 0.004, memory: 20604, decode.loss_seg: 0.2434, decode.acc_seg: 82.8209, aux_0.loss_seg: 0.1226, aux_0.acc_seg: 80.8640, aux_1.loss_seg: 0.0892, aux_1.acc_seg: 83.1094, aux_2.loss_seg: 0.0850, aux_2.acc_seg: 83.2936, aux_3.loss_seg: 0.0848, aux_3.acc_seg: 83.3117, loss: 0.6250
2021-07-29 23:45:33,626 - mmseg - INFO - Iter [7150/160000]	lr: 9.601e-03, eta: 1 day, 3:16:01, time: 0.634, data_time: 0.004, memory: 20604, decode.loss_seg: 0.2533, decode.acc_seg: 81.3376, aux_0.loss_seg: 0.1303, aux_0.acc_seg: 79.1352, aux_1.loss_seg: 0.0916, aux_1.acc_seg: 81.6700, aux_2.loss_seg: 0.0876, aux_2.acc_seg: 81.9873, aux_3.loss_seg: 0.0880, aux_3.acc_seg: 81.9699, loss: 0.6507
2021-07-29 23:46:05,417 - mmseg - INFO - Iter [7200/160000]	lr: 9.598e-03, eta: 1 day, 3:15:22, time: 0.636, data_time: 0.004, memory: 20604, decode.loss_seg: 0.2622, decode.acc_seg: 82.9632, aux_0.loss_seg: 0.1218, aux_0.acc_seg: 81.6402, aux_1.loss_seg: 0.0924, aux_1.acc_seg: 83.7625, aux_2.loss_seg: 0.0899, aux_2.acc_seg: 83.8941, aux_3.loss_seg: 0.0903, aux_3.acc_seg: 83.9047, loss: 0.6566
2021-07-29 23:46:37,096 - mmseg - INFO - Iter [7250/160000]	lr: 9.595e-03, eta: 1 day, 3:14:41, time: 0.634, data_time: 0.004, memory: 20604, decode.loss_seg: 0.2551, decode.acc_seg: 82.5838, aux_0.loss_seg: 0.1222, aux_0.acc_seg: 80.7997, aux_1.loss_seg: 0.0901, aux_1.acc_seg: 83.0407, aux_2.loss_seg: 0.0865, aux_2.acc_seg: 83.4258, aux_3.loss_seg: 0.0868, aux_3.acc_seg: 83.4042, loss: 0.6406
2021-07-29 23:47:08,794 - mmseg - INFO - Iter [7300/160000]	lr: 9.593e-03, eta: 1 day, 3:14:00, time: 0.634, data_time: 0.004, memory: 20604, decode.loss_seg: 0.2801, decode.acc_seg: 83.8736, aux_0.loss_seg: 0.1338, aux_0.acc_seg: 82.0421, aux_1.loss_seg: 0.0993, aux_1.acc_seg: 84.4333, aux_2.loss_seg: 0.0955, aux_2.acc_seg: 84.5945, aux_3.loss_seg: 0.0960, aux_3.acc_seg: 84.6322, loss: 0.7046
2021-07-29 23:47:40,500 - mmseg - INFO - Iter [7350/160000]	lr: 9.590e-03, eta: 1 day, 3:13:20, time: 0.634, data_time: 0.004, memory: 20604, decode.loss_seg: 0.2592, decode.acc_seg: 83.9151, aux_0.loss_seg: 0.1235, aux_0.acc_seg: 82.2110, aux_1.loss_seg: 0.0955, aux_1.acc_seg: 84.2176, aux_2.loss_seg: 0.0922, aux_2.acc_seg: 84.3998, aux_3.loss_seg: 0.0926, aux_3.acc_seg: 84.3781, loss: 0.6631
2021-07-29 23:48:12,241 - mmseg - INFO - Iter [7400/160000]	lr: 9.587e-03, eta: 1 day, 3:12:40, time: 0.635, data_time: 0.005, memory: 20604, decode.loss_seg: 0.2409, decode.acc_seg: 84.8271, aux_0.loss_seg: 0.1209, aux_0.acc_seg: 82.8697, aux_1.loss_seg: 0.0910, aux_1.acc_seg: 84.9849, aux_2.loss_seg: 0.0877, aux_2.acc_seg: 85.2638, aux_3.loss_seg: 0.0874, aux_3.acc_seg: 85.2479, loss: 0.6280
2021-07-29 23:48:49,830 - mmseg - INFO - Iter [7450/160000]	lr: 9.584e-03, eta: 1 day, 3:14:01, time: 0.752, data_time: 0.124, memory: 20604, decode.loss_seg: 0.2532, decode.acc_seg: 81.7236, aux_0.loss_seg: 0.1236, aux_0.acc_seg: 80.0113, aux_1.loss_seg: 0.0909, aux_1.acc_seg: 82.1392, aux_2.loss_seg: 0.0880, aux_2.acc_seg: 82.3093, aux_3.loss_seg: 0.0886, aux_3.acc_seg: 82.2969, loss: 0.6442
2021-07-29 23:49:21,489 - mmseg - INFO - Iter [7500/160000]	lr: 9.581e-03, eta: 1 day, 3:13:19, time: 0.633, data_time: 0.004, memory: 20604, decode.loss_seg: 0.2261, decode.acc_seg: 81.2058, aux_0.loss_seg: 0.1170, aux_0.acc_seg: 79.1704, aux_1.loss_seg: 0.0834, aux_1.acc_seg: 81.6206, aux_2.loss_seg: 0.0799, aux_2.acc_seg: 81.7406, aux_3.loss_seg: 0.0801, aux_3.acc_seg: 81.7830, loss: 0.5865
2021-07-29 23:49:53,182 - mmseg - INFO - Iter [7550/160000]	lr: 9.579e-03, eta: 1 day, 3:12:38, time: 0.634, data_time: 0.004, memory: 20604, decode.loss_seg: 0.2193, decode.acc_seg: 85.3647, aux_0.loss_seg: 0.1176, aux_0.acc_seg: 82.5759, aux_1.loss_seg: 0.0810, aux_1.acc_seg: 85.5206, aux_2.loss_seg: 0.0780, aux_2.acc_seg: 85.6986, aux_3.loss_seg: 0.0778, aux_3.acc_seg: 85.7225, loss: 0.5738
2021-07-29 23:50:24,842 - mmseg - INFO - Iter [7600/160000]	lr: 9.576e-03, eta: 1 day, 3:11:57, time: 0.633, data_time: 0.004, memory: 20604, decode.loss_seg: 0.2435, decode.acc_seg: 82.5381, aux_0.loss_seg: 0.1229, aux_0.acc_seg: 80.6548, aux_1.loss_seg: 0.0898, aux_1.acc_seg: 82.7555, aux_2.loss_seg: 0.0873, aux_2.acc_seg: 83.0794, aux_3.loss_seg: 0.0869, aux_3.acc_seg: 83.0189, loss: 0.6304
2021-07-29 23:50:56,542 - mmseg - INFO - Iter [7650/160000]	lr: 9.573e-03, eta: 1 day, 3:11:16, time: 0.634, data_time: 0.004, memory: 20604, decode.loss_seg: 0.2906, decode.acc_seg: 81.1765, aux_0.loss_seg: 0.1413, aux_0.acc_seg: 79.2779, aux_1.loss_seg: 0.1052, aux_1.acc_seg: 81.2938, aux_2.loss_seg: 0.1001, aux_2.acc_seg: 81.8355, aux_3.loss_seg: 0.1005, aux_3.acc_seg: 81.7799, loss: 0.7377
2021-07-29 23:51:28,273 - mmseg - INFO - Iter [7700/160000]	lr: 9.570e-03, eta: 1 day, 3:10:36, time: 0.635, data_time: 0.004, memory: 20604, decode.loss_seg: 0.2615, decode.acc_seg: 80.2189, aux_0.loss_seg: 0.1367, aux_0.acc_seg: 77.6227, aux_1.loss_seg: 0.0976, aux_1.acc_seg: 80.3992, aux_2.loss_seg: 0.0930, aux_2.acc_seg: 80.7900, aux_3.loss_seg: 0.0933, aux_3.acc_seg: 80.7303, loss: 0.6821
2021-07-29 23:51:59,985 - mmseg - INFO - Iter [7750/160000]	lr: 9.567e-03, eta: 1 day, 3:09:56, time: 0.634, data_time: 0.004, memory: 20604, decode.loss_seg: 0.2706, decode.acc_seg: 82.6819, aux_0.loss_seg: 0.1332, aux_0.acc_seg: 80.2577, aux_1.loss_seg: 0.0982, aux_1.acc_seg: 82.7903, aux_2.loss_seg: 0.0953, aux_2.acc_seg: 83.0638, aux_3.loss_seg: 0.0960, aux_3.acc_seg: 83.0415, loss: 0.6932
2021-07-29 23:52:31,748 - mmseg - INFO - Iter [7800/160000]	lr: 9.565e-03, eta: 1 day, 3:09:17, time: 0.635, data_time: 0.004, memory: 20604, decode.loss_seg: 0.2396, decode.acc_seg: 82.0856, aux_0.loss_seg: 0.1345, aux_0.acc_seg: 79.0845, aux_1.loss_seg: 0.0882, aux_1.acc_seg: 82.2203, aux_2.loss_seg: 0.0852, aux_2.acc_seg: 82.4085, aux_3.loss_seg: 0.0855, aux_3.acc_seg: 82.4206, loss: 0.6329
2021-07-29 23:53:03,489 - mmseg - INFO - Iter [7850/160000]	lr: 9.562e-03, eta: 1 day, 3:08:38, time: 0.635, data_time: 0.004, memory: 20604, decode.loss_seg: 0.2236, decode.acc_seg: 82.1204, aux_0.loss_seg: 0.1180, aux_0.acc_seg: 79.7670, aux_1.loss_seg: 0.0834, aux_1.acc_seg: 82.2624, aux_2.loss_seg: 0.0809, aux_2.acc_seg: 82.4503, aux_3.loss_seg: 0.0810, aux_3.acc_seg: 82.4438, loss: 0.5869
2021-07-29 23:53:35,193 - mmseg - INFO - Iter [7900/160000]	lr: 9.559e-03, eta: 1 day, 3:07:58, time: 0.634, data_time: 0.004, memory: 20604, decode.loss_seg: 0.2308, decode.acc_seg: 82.7912, aux_0.loss_seg: 0.1274, aux_0.acc_seg: 79.8826, aux_1.loss_seg: 0.0850, aux_1.acc_seg: 82.9721, aux_2.loss_seg: 0.0832, aux_2.acc_seg: 83.0392, aux_3.loss_seg: 0.0833, aux_3.acc_seg: 83.0634, loss: 0.6095
2021-07-29 23:54:06,852 - mmseg - INFO - Iter [7950/160000]	lr: 9.556e-03, eta: 1 day, 3:07:17, time: 0.633, data_time: 0.004, memory: 20604, decode.loss_seg: 0.2333, decode.acc_seg: 82.5226, aux_0.loss_seg: 0.1127, aux_0.acc_seg: 80.5922, aux_1.loss_seg: 0.0831, aux_1.acc_seg: 82.8566, aux_2.loss_seg: 0.0818, aux_2.acc_seg: 82.9959, aux_3.loss_seg: 0.0818, aux_3.acc_seg: 82.9989, loss: 0.5927
2021-07-29 23:54:38,494 - mmseg - INFO - Exp name: SETR_PUP_DeiT_convfuse_la_768x768_160k_cityscapes_bs_4.py
2021-07-29 23:54:38,494 - mmseg - INFO - Iter [8000/160000]	lr: 9.553e-03, eta: 1 day, 3:06:36, time: 0.633, data_time: 0.004, memory: 20604, decode.loss_seg: 0.2575, decode.acc_seg: 82.8872, aux_0.loss_seg: 0.1252, aux_0.acc_seg: 81.1254, aux_1.loss_seg: 0.0868, aux_1.acc_seg: 83.6726, aux_2.loss_seg: 0.0864, aux_2.acc_seg: 83.6939, aux_3.loss_seg: 0.0862, aux_3.acc_seg: 83.6971, loss: 0.6420
2021-07-29 23:55:10,203 - mmseg - INFO - Iter [8050/160000]	lr: 9.551e-03, eta: 1 day, 3:05:56, time: 0.634, data_time: 0.004, memory: 20604, decode.loss_seg: 0.2664, decode.acc_seg: 81.3925, aux_0.loss_seg: 0.1283, aux_0.acc_seg: 79.6473, aux_1.loss_seg: 0.0962, aux_1.acc_seg: 81.7991, aux_2.loss_seg: 0.0937, aux_2.acc_seg: 82.0719, aux_3.loss_seg: 0.0942, aux_3.acc_seg: 81.9408, loss: 0.6787
2021-07-29 23:55:41,909 - mmseg - INFO - Iter [8100/160000]	lr: 9.548e-03, eta: 1 day, 3:05:17, time: 0.634, data_time: 0.004, memory: 20604, decode.loss_seg: 0.2255, decode.acc_seg: 83.2780, aux_0.loss_seg: 0.1125, aux_0.acc_seg: 81.5599, aux_1.loss_seg: 0.0831, aux_1.acc_seg: 83.5239, aux_2.loss_seg: 0.0814, aux_2.acc_seg: 83.7372, aux_3.loss_seg: 0.0817, aux_3.acc_seg: 83.7172, loss: 0.5843
2021-07-29 23:56:13,637 - mmseg - INFO - Iter [8150/160000]	lr: 9.545e-03, eta: 1 day, 3:04:38, time: 0.635, data_time: 0.005, memory: 20604, decode.loss_seg: 0.2316, decode.acc_seg: 83.9026, aux_0.loss_seg: 0.1270, aux_0.acc_seg: 81.0325, aux_1.loss_seg: 0.0864, aux_1.acc_seg: 84.0751, aux_2.loss_seg: 0.0828, aux_2.acc_seg: 84.3005, aux_3.loss_seg: 0.0827, aux_3.acc_seg: 84.2972, loss: 0.6103
2021-07-29 23:56:51,329 - mmseg - INFO - Iter [8200/160000]	lr: 9.542e-03, eta: 1 day, 3:05:49, time: 0.754, data_time: 0.124, memory: 20604, decode.loss_seg: 0.2362, decode.acc_seg: 83.5161, aux_0.loss_seg: 0.1232, aux_0.acc_seg: 81.1419, aux_1.loss_seg: 0.0882, aux_1.acc_seg: 83.6658, aux_2.loss_seg: 0.0850, aux_2.acc_seg: 83.9914, aux_3.loss_seg: 0.0857, aux_3.acc_seg: 83.9496, loss: 0.6184
2021-07-29 23:57:22,893 - mmseg - INFO - Iter [8250/160000]	lr: 9.539e-03, eta: 1 day, 3:05:07, time: 0.631, data_time: 0.004, memory: 20604, decode.loss_seg: 0.2409, decode.acc_seg: 83.1081, aux_0.loss_seg: 0.1263, aux_0.acc_seg: 80.8586, aux_1.loss_seg: 0.0892, aux_1.acc_seg: 83.2906, aux_2.loss_seg: 0.0854, aux_2.acc_seg: 83.6137, aux_3.loss_seg: 0.0855, aux_3.acc_seg: 83.6169, loss: 0.6273
2021-07-29 23:57:54,508 - mmseg - INFO - Iter [8300/160000]	lr: 9.537e-03, eta: 1 day, 3:04:25, time: 0.632, data_time: 0.004, memory: 20604, decode.loss_seg: 0.2335, decode.acc_seg: 84.5184, aux_0.loss_seg: 0.1276, aux_0.acc_seg: 81.6113, aux_1.loss_seg: 0.0863, aux_1.acc_seg: 84.8186, aux_2.loss_seg: 0.0837, aux_2.acc_seg: 84.9200, aux_3.loss_seg: 0.0835, aux_3.acc_seg: 84.9329, loss: 0.6146
2021-07-29 23:58:26,202 - mmseg - INFO - Iter [8350/160000]	lr: 9.534e-03, eta: 1 day, 3:03:45, time: 0.634, data_time: 0.004, memory: 20604, decode.loss_seg: 0.2611, decode.acc_seg: 83.3086, aux_0.loss_seg: 0.1319, aux_0.acc_seg: 80.9316, aux_1.loss_seg: 0.0942, aux_1.acc_seg: 83.6274, aux_2.loss_seg: 0.0905, aux_2.acc_seg: 83.8666, aux_3.loss_seg: 0.0905, aux_3.acc_seg: 83.8758, loss: 0.6681
2021-07-29 23:58:57,900 - mmseg - INFO - Iter [8400/160000]	lr: 9.531e-03, eta: 1 day, 3:03:06, time: 0.634, data_time: 0.004, memory: 20604, decode.loss_seg: 0.2420, decode.acc_seg: 81.0217, aux_0.loss_seg: 0.1258, aux_0.acc_seg: 78.3869, aux_1.loss_seg: 0.0912, aux_1.acc_seg: 81.1340, aux_2.loss_seg: 0.0882, aux_2.acc_seg: 81.4047, aux_3.loss_seg: 0.0883, aux_3.acc_seg: 81.3644, loss: 0.6356
2021-07-29 23:59:29,561 - mmseg - INFO - Iter [8450/160000]	lr: 9.528e-03, eta: 1 day, 3:02:25, time: 0.633, data_time: 0.004, memory: 20604, decode.loss_seg: 0.2278, decode.acc_seg: 82.8275, aux_0.loss_seg: 0.1157, aux_0.acc_seg: 81.1934, aux_1.loss_seg: 0.0853, aux_1.acc_seg: 82.9764, aux_2.loss_seg: 0.0821, aux_2.acc_seg: 83.1463, aux_3.loss_seg: 0.0820, aux_3.acc_seg: 83.1481, loss: 0.5929
2021-07-30 00:00:01,269 - mmseg - INFO - Iter [8500/160000]	lr: 9.525e-03, eta: 1 day, 3:01:46, time: 0.634, data_time: 0.004, memory: 20604, decode.loss_seg: 0.2536, decode.acc_seg: 83.9004, aux_0.loss_seg: 0.1242, aux_0.acc_seg: 82.3054, aux_1.loss_seg: 0.0956, aux_1.acc_seg: 84.2912, aux_2.loss_seg: 0.0915, aux_2.acc_seg: 84.5278, aux_3.loss_seg: 0.0917, aux_3.acc_seg: 84.4975, loss: 0.6567
2021-07-30 00:00:32,994 - mmseg - INFO - Iter [8550/160000]	lr: 9.523e-03, eta: 1 day, 3:01:07, time: 0.634, data_time: 0.004, memory: 20604, decode.loss_seg: 0.2560, decode.acc_seg: 83.2726, aux_0.loss_seg: 0.1339, aux_0.acc_seg: 80.7794, aux_1.loss_seg: 0.0950, aux_1.acc_seg: 83.3826, aux_2.loss_seg: 0.0915, aux_2.acc_seg: 83.7268, aux_3.loss_seg: 0.0916, aux_3.acc_seg: 83.6805, loss: 0.6680
2021-07-30 00:01:04,630 - mmseg - INFO - Iter [8600/160000]	lr: 9.520e-03, eta: 1 day, 3:00:26, time: 0.633, data_time: 0.004, memory: 20604, decode.loss_seg: 0.2394, decode.acc_seg: 82.6592, aux_0.loss_seg: 0.1292, aux_0.acc_seg: 79.6745, aux_1.loss_seg: 0.0880, aux_1.acc_seg: 82.9718, aux_2.loss_seg: 0.0850, aux_2.acc_seg: 83.3849, aux_3.loss_seg: 0.0852, aux_3.acc_seg: 83.3411, loss: 0.6269
2021-07-30 00:01:36,331 - mmseg - INFO - Iter [8650/160000]	lr: 9.517e-03, eta: 1 day, 2:59:47, time: 0.634, data_time: 0.004, memory: 20604, decode.loss_seg: 0.2586, decode.acc_seg: 82.0639, aux_0.loss_seg: 0.1345, aux_0.acc_seg: 79.7327, aux_1.loss_seg: 0.0956, aux_1.acc_seg: 82.4784, aux_2.loss_seg: 0.0919, aux_2.acc_seg: 82.6671, aux_3.loss_seg: 0.0924, aux_3.acc_seg: 82.6653, loss: 0.6729
2021-07-30 00:02:08,070 - mmseg - INFO - Iter [8700/160000]	lr: 9.514e-03, eta: 1 day, 2:59:08, time: 0.635, data_time: 0.004, memory: 20604, decode.loss_seg: 0.2811, decode.acc_seg: 82.7693, aux_0.loss_seg: 0.1417, aux_0.acc_seg: 80.4247, aux_1.loss_seg: 0.1019, aux_1.acc_seg: 83.3537, aux_2.loss_seg: 0.0974, aux_2.acc_seg: 83.6260, aux_3.loss_seg: 0.0979, aux_3.acc_seg: 83.5556, loss: 0.7201
2021-07-30 00:02:39,782 - mmseg - INFO - Iter [8750/160000]	lr: 9.511e-03, eta: 1 day, 2:58:30, time: 0.634, data_time: 0.004, memory: 20604, decode.loss_seg: 0.2452, decode.acc_seg: 82.2649, aux_0.loss_seg: 0.1344, aux_0.acc_seg: 79.1489, aux_1.loss_seg: 0.0905, aux_1.acc_seg: 82.6332, aux_2.loss_seg: 0.0863, aux_2.acc_seg: 82.8558, aux_3.loss_seg: 0.0872, aux_3.acc_seg: 82.8100, loss: 0.6437
2021-07-30 00:03:11,501 - mmseg - INFO - Iter [8800/160000]	lr: 9.509e-03, eta: 1 day, 2:57:51, time: 0.634, data_time: 0.005, memory: 20604, decode.loss_seg: 0.2525, decode.acc_seg: 82.0699, aux_0.loss_seg: 0.1288, aux_0.acc_seg: 79.8131, aux_1.loss_seg: 0.0914, aux_1.acc_seg: 82.3582, aux_2.loss_seg: 0.0889, aux_2.acc_seg: 82.7008, aux_3.loss_seg: 0.0889, aux_3.acc_seg: 82.7259, loss: 0.6504
2021-07-30 00:03:43,149 - mmseg - INFO - Iter [8850/160000]	lr: 9.506e-03, eta: 1 day, 2:57:11, time: 0.633, data_time: 0.004, memory: 20604, decode.loss_seg: 0.2334, decode.acc_seg: 84.4549, aux_0.loss_seg: 0.1201, aux_0.acc_seg: 82.1191, aux_1.loss_seg: 0.0845, aux_1.acc_seg: 84.8271, aux_2.loss_seg: 0.0831, aux_2.acc_seg: 84.9006, aux_3.loss_seg: 0.0831, aux_3.acc_seg: 84.9053, loss: 0.6042
2021-07-30 00:04:14,941 - mmseg - INFO - Iter [8900/160000]	lr: 9.503e-03, eta: 1 day, 2:56:34, time: 0.636, data_time: 0.004, memory: 20604, decode.loss_seg: 0.2271, decode.acc_seg: 82.7685, aux_0.loss_seg: 0.1176, aux_0.acc_seg: 80.4042, aux_1.loss_seg: 0.0812, aux_1.acc_seg: 83.1465, aux_2.loss_seg: 0.0786, aux_2.acc_seg: 83.3574, aux_3.loss_seg: 0.0787, aux_3.acc_seg: 83.3251, loss: 0.5832
2021-07-30 00:04:52,442 - mmseg - INFO - Iter [8950/160000]	lr: 9.500e-03, eta: 1 day, 2:57:33, time: 0.750, data_time: 0.120, memory: 20604, decode.loss_seg: 0.2095, decode.acc_seg: 84.6266, aux_0.loss_seg: 0.1062, aux_0.acc_seg: 82.5064, aux_1.loss_seg: 0.0755, aux_1.acc_seg: 84.8117, aux_2.loss_seg: 0.0721, aux_2.acc_seg: 85.1969, aux_3.loss_seg: 0.0728, aux_3.acc_seg: 85.1707, loss: 0.5361
2021-07-30 00:05:24,082 - mmseg - INFO - Exp name: SETR_PUP_DeiT_convfuse_la_768x768_160k_cityscapes_bs_4.py
2021-07-30 00:05:24,082 - mmseg - INFO - Iter [9000/160000]	lr: 9.497e-03, eta: 1 day, 2:56:53, time: 0.633, data_time: 0.005, memory: 20604, decode.loss_seg: 0.2520, decode.acc_seg: 83.5895, aux_0.loss_seg: 0.1200, aux_0.acc_seg: 82.2092, aux_1.loss_seg: 0.0912, aux_1.acc_seg: 84.0764, aux_2.loss_seg: 0.0895, aux_2.acc_seg: 84.1827, aux_3.loss_seg: 0.0898, aux_3.acc_seg: 84.1160, loss: 0.6424
Traceback (most recent call last):
  File "/home/juan/miniconda3/envs/mm/lib/python3.8/runpy.py", line 194, in _run_module_as_main
    return _run_code(code, main_globals, None,
  File "/home/juan/miniconda3/envs/mm/lib/python3.8/runpy.py", line 87, in _run_code
    exec(code, run_globals)
  File "/home/juan/miniconda3/envs/mm/lib/python3.8/site-packages/torch/distributed/launch.py", line 260, in <module>
    main()
  File "/home/juan/miniconda3/envs/mm/lib/python3.8/site-packages/torch/distributed/launch.py", line 255, in main
    raise subprocess.CalledProcessError(returncode=process.returncode,
subprocess.CalledProcessError: Command '['/home/juan/miniconda3/envs/mm/bin/python', '-u', './tools/train.py', '--local_rank=1', 'configs/SETR/SETR_PUP_DeiT_convfuse_la_768x768_160k_cityscapes_bs_4.py', '--launcher', 'pytorch']' died with <Signals.SIGTERM: 15>.
*****************************************
Setting OMP_NUM_THREADS environment variable for each process to be 1 in default, to avoid your system being overloaded, please further tune the variable for optimal performance in your application as needed. 
*****************************************
/home/juan/miniconda3/envs/mm/lib/python3.8/multiprocessing/resource_tracker.py:216: UserWarning: resource_tracker: There appear to be 23 leaked semaphore objects to clean up at shutdown
  warnings.warn('resource_tracker: There appear to be %d '
/home/juan/miniconda3/envs/mm/lib/python3.8/multiprocessing/resource_tracker.py:216: UserWarning: resource_tracker: There appear to be 23 leaked semaphore objects to clean up at shutdown
  warnings.warn('resource_tracker: There appear to be %d '
